<?xml version="1.0" encoding="UTF-8"?>
<testsuite name="co.com.agudelo.microservice.resolveEnigmaApi.api.GetStepApiControllerIntegrationTest" time="0.05" tests="1" errors="1" skipped="0" failures="0">
  <properties>
[...]
</properties>
  <testcase name="getStepTest" classname="co.com.agudelo.microservice.resolveEnigmaApi.api.GetStepApiControllerIntegrationTest" time="0.05">
    <error type="java.lang.NullPointerException:">java.lang.NullPointerException: null
	at co.com.agudelo.microservice.resolveEnigmaApi.api.GetStepApiController.getStep(GetStepApiController.java:52)
	at co.com.agudelo.microservice.resolveEnigmaApi.api.GetStepApiControllerIntegrationTest.getStepTest(GetStepApiControllerIntegrationTest.java:29)
</error>
    <system-out><![CDATA[13:02:41.517 [main] DEBUG org.springframework.test.context.junit4.SpringJUnit4ClassRunner - SpringJUnit4ClassRunner constructor called with [class co.com.agudelo.microservice.resolveEnigmaApi.api.GetStepApiControllerIntegrationTest]
13:02:41.523 [main] DEBUG org.springframework.test.context.BootstrapUtils - Instantiating CacheAwareContextLoaderDelegate from class [org.springframework.test.context.cache.DefaultCacheAwareContextLoaderDelegate]
13:02:41.530 [main] DEBUG org.springframework.test.context.BootstrapUtils - Instantiating BootstrapContext using constructor [public org.springframework.test.context.support.DefaultBootstrapContext(java.lang.Class,org.springframework.test.context.CacheAwareContextLoaderDelegate)]
13:02:41.547 [main] DEBUG org.springframework.test.context.BootstrapUtils - Instantiating TestContextBootstrapper for test class [co.com.agudelo.microservice.resolveEnigmaApi.api.GetStepApiControllerIntegrationTest] from class [org.springframework.boot.test.context.SpringBootTestContextBootstrapper]
13:02:41.561 [main] INFO org.springframework.boot.test.context.SpringBootTestContextBootstrapper - Neither @ContextConfiguration nor @ContextHierarchy found for test class [co.com.agudelo.microservice.resolveEnigmaApi.api.GetStepApiControllerIntegrationTest], using SpringBootContextLoader
13:02:41.565 [main] DEBUG org.springframework.test.context.support.AbstractContextLoader - Did not detect default resource location for test class [co.com.agudelo.microservice.resolveEnigmaApi.api.GetStepApiControllerIntegrationTest]: class path resource [co/com/agudelo/microservice/resolveEnigmaApi/api/GetStepApiControllerIntegrationTest-context.xml] does not exist
13:02:41.566 [main] DEBUG org.springframework.test.context.support.AbstractContextLoader - Did not detect default resource location for test class [co.com.agudelo.microservice.resolveEnigmaApi.api.GetStepApiControllerIntegrationTest]: class path resource [co/com/agudelo/microservice/resolveEnigmaApi/api/GetStepApiControllerIntegrationTestContext.groovy] does not exist
13:02:41.566 [main] INFO org.springframework.test.context.support.AbstractContextLoader - Could not detect default resource locations for test class [co.com.agudelo.microservice.resolveEnigmaApi.api.GetStepApiControllerIntegrationTest]: no resource found for suffixes {-context.xml, Context.groovy}.
13:02:41.567 [main] INFO org.springframework.test.context.support.AnnotationConfigContextLoaderUtils - Could not detect default configuration classes for test class [co.com.agudelo.microservice.resolveEnigmaApi.api.GetStepApiControllerIntegrationTest]: GetStepApiControllerIntegrationTest does not declare any static, non-private, non-final, nested classes annotated with @Configuration.
13:02:41.606 [main] DEBUG org.springframework.test.context.support.ActiveProfilesUtils - Could not find an 'annotation declaring class' for annotation type [org.springframework.test.context.ActiveProfiles] and class [co.com.agudelo.microservice.resolveEnigmaApi.api.GetStepApiControllerIntegrationTest]
13:02:41.615 [main] DEBUG org.springframework.core.env.StandardEnvironment - Adding PropertySource 'systemProperties' with lowest search precedence
13:02:41.616 [main] DEBUG org.springframework.core.env.StandardEnvironment - Adding PropertySource 'systemEnvironment' with lowest search precedence
13:02:41.617 [main] DEBUG org.springframework.core.env.StandardEnvironment - Initialized StandardEnvironment with PropertySources [MapPropertySource@1754638213 {name='systemProperties', properties={java.runtime.name=OpenJDK Runtime Environment, sun.boot.library.path=/Users/Valentina1/.sdkman/candidates/java/8.0.402-zulu/zulu-8.jdk/Contents/Home/jre/lib, java.vm.version=25.402-b06, gopherProxySet=false, jdk.vendor.version=Zulu 8.76.0.17-CA-macos-aarch64, java.vm.vendor=Azul Systems, Inc., java.vendor.url=http://www.azul.com/, path.separator=:, java.vm.name=OpenJDK 64-Bit Server VM, file.encoding.pkg=sun.io, user.country=MX, sun.java.launcher=SUN_STANDARD, sun.os.patch.level=unknown, java.vm.specification.name=Java Virtual Machine Specification, user.dir=/Users/Valentina1/Desktop/UNIVERSIDAD USB/SEXTO SEMESTRE/D. sistemas comput/swagger-project/ResolveEnigmaAp, java.runtime.version=1.8.0_402-b06, basedir=/Users/Valentina1/Desktop/UNIVERSIDAD USB/SEXTO SEMESTRE/D. sistemas comput/swagger-project/ResolveEnigmaAp, java.awt.graphicsenv=sun.awt.CGraphicsEnvironment, java.endorsed.dirs=/Users/Valentina1/.sdkman/candidates/java/8.0.402-zulu/zulu-8.jdk/Contents/Home/jre/lib/endorsed, os.arch=aarch64, surefire.real.class.path=/Users/Valentina1/Desktop/UNIVERSIDAD USB/SEXTO SEMESTRE/D. sistemas comput/swagger-project/ResolveEnigmaAp/target/surefire/surefirebooter6153658071887023666.jar, java.io.tmpdir=/var/folders/96/b5_88bjn7wj7rgktg_czmpdr0000gq/T/, line.separator=
, java.vm.specification.vendor=Oracle Corporation, os.name=Mac OS X, sun.jnu.encoding=UTF-8, java.library.path=/Users/Valentina1/Library/Java/Extensions:/Library/Java/Extensions:/Network/Library/Java/Extensions:/System/Library/Java/Extensions:/usr/lib/java:., surefire.test.class.path=/Users/Valentina1/Desktop/UNIVERSIDAD USB/SEXTO SEMESTRE/D. sistemas comput/swagger-project/ResolveEnigmaAp/target/test-classes:/Users/Valentina1/Desktop/UNIVERSIDAD USB/SEXTO SEMESTRE/D. sistemas comput/swagger-project/ResolveEnigmaAp/target/classes:/Users/Valentina1/.m2/repository/org/springframework/boot/spring-boot-starter-web/1.5.9.RELEASE/spring-boot-starter-web-1.5.9.RELEASE.jar:/Users/Valentina1/.m2/repository/org/springframework/boot/spring-boot-starter/1.5.9.RELEASE/spring-boot-starter-1.5.9.RELEASE.jar:/Users/Valentina1/.m2/repository/org/springframework/boot/spring-boot/1.5.9.RELEASE/spring-boot-1.5.9.RELEASE.jar:/Users/Valentina1/.m2/repository/org/springframework/boot/spring-boot-autoconfigure/1.5.9.RELEASE/spring-boot-autoconfigure-1.5.9.RELEASE.jar:/Users/Valentina1/.m2/repository/org/springframework/boot/spring-boot-starter-logging/1.5.9.RELEASE/spring-boot-starter-logging-1.5.9.RELEASE.jar:/Users/Valentina1/.m2/repository/ch/qos/logback/logback-classic/1.1.11/logback-classic-1.1.11.jar:/Users/Valentina1/.m2/repository/ch/qos/logback/logback-core/1.1.11/logback-core-1.1.11.jar:/Users/Valentina1/.m2/repository/org/slf4j/jcl-over-slf4j/1.7.25/jcl-over-slf4j-1.7.25.jar:/Users/Valentina1/.m2/repository/org/slf4j/jul-to-slf4j/1.7.25/jul-to-slf4j-1.7.25.jar:/Users/Valentina1/.m2/repository/org/slf4j/log4j-over-slf4j/1.7.25/log4j-over-slf4j-1.7.25.jar:/Users/Valentina1/.m2/repository/org/yaml/snakeyaml/1.17/snakeyaml-1.17.jar:/Users/Valentina1/.m2/repository/org/hibernate/hibernate-validator/5.3.6.Final/hibernate-validator-5.3.6.Final.jar:/Users/Valentina1/.m2/repository/org/jboss/logging/jboss-logging/3.3.1.Final/jboss-logging-3.3.1.Final.jar:/Users/Valentina1/.m2/repository/com/fasterxml/jackson/core/jackson-databind/2.8.10/jackson-databind-2.8.10.jar:/Users/Valentina1/.m2/repository/com/fasterxml/jackson/core/jackson-annotations/2.8.0/jackson-annotations-2.8.0.jar:/Users/Valentina1/.m2/repository/org/springframework/spring-web/4.3.13.RELEASE/spring-web-4.3.13.RELEASE.jar:/Users/Valentina1/.m2/repository/org/springframework/spring-aop/4.3.13.RELEASE/spring-aop-4.3.13.RELEASE.jar:/Users/Valentina1/.m2/repository/org/springframework/spring-beans/4.3.13.RELEASE/spring-beans-4.3.13.RELEASE.jar:/Users/Valentina1/.m2/repository/org/springframework/spring-context/4.3.13.RELEASE/spring-context-4.3.13.RELEASE.jar:/Users/Valentina1/.m2/repository/org/springframework/spring-webmvc/4.3.13.RELEASE/spring-webmvc-4.3.13.RELEASE.jar:/Users/Valentina1/.m2/repository/org/springframework/spring-expression/4.3.13.RELEASE/spring-expression-4.3.13.RELEASE.jar:/Users/Valentina1/.m2/repository/org/springframework/boot/spring-boot-starter-tomcat/1.5.9.RELEASE/spring-boot-starter-tomcat-1.5.9.RELEASE.jar:/Users/Valentina1/.m2/repository/org/apache/tomcat/embed/tomcat-embed-core/8.5.23/tomcat-embed-core-8.5.23.jar:/Users/Valentina1/.m2/repository/org/apache/tomcat/tomcat-annotations-api/8.5.23/tomcat-annotations-api-8.5.23.jar:/Users/Valentina1/.m2/repository/org/apache/tomcat/embed/tomcat-embed-el/8.5.23/tomcat-embed-el-8.5.23.jar:/Users/Valentina1/.m2/repository/org/apache/tomcat/embed/tomcat-embed-websocket/8.5.23/tomcat-embed-websocket-8.5.23.jar:/Users/Valentina1/.m2/repository/io/springfox/springfox-swagger2/2.7.0/springfox-swagger2-2.7.0.jar:/Users/Valentina1/.m2/repository/io/swagger/swagger-annotations/1.5.13/swagger-annotations-1.5.13.jar:/Users/Valentina1/.m2/repository/io/swagger/swagger-models/1.5.13/swagger-models-1.5.13.jar:/Users/Valentina1/.m2/repository/io/springfox/springfox-spi/2.7.0/springfox-spi-2.7.0.jar:/Users/Valentina1/.m2/repository/io/springfox/springfox-core/2.7.0/springfox-core-2.7.0.jar:/Users/Valentina1/.m2/repository/net/bytebuddy/byte-buddy/1.6.14/byte-buddy-1.6.14.jar:/Users/Valentina1/.m2/repository/io/springfox/springfox-schema/2.7.0/springfox-schema-2.7.0.jar:/Users/Valentina1/.m2/repository/io/springfox/springfox-swagger-common/2.7.0/springfox-swagger-common-2.7.0.jar:/Users/Valentina1/.m2/repository/io/springfox/springfox-spring-web/2.7.0/springfox-spring-web-2.7.0.jar:/Users/Valentina1/.m2/repository/org/reflections/reflections/0.9.11/reflections-0.9.11.jar:/Users/Valentina1/.m2/repository/org/javassist/javassist/3.21.0-GA/javassist-3.21.0-GA.jar:/Users/Valentina1/.m2/repository/com/google/guava/guava/18.0/guava-18.0.jar:/Users/Valentina1/.m2/repository/com/fasterxml/classmate/1.3.4/classmate-1.3.4.jar:/Users/Valentina1/.m2/repository/org/slf4j/slf4j-api/1.7.25/slf4j-api-1.7.25.jar:/Users/Valentina1/.m2/repository/org/springframework/plugin/spring-plugin-core/1.2.0.RELEASE/spring-plugin-core-1.2.0.RELEASE.jar:/Users/Valentina1/.m2/repository/org/springframework/plugin/spring-plugin-metadata/1.2.0.RELEASE/spring-plugin-metadata-1.2.0.RELEASE.jar:/Users/Valentina1/.m2/repository/org/mapstruct/mapstruct/1.1.0.Final/mapstruct-1.1.0.Final.jar:/Users/Valentina1/.m2/repository/io/springfox/springfox-swagger-ui/2.7.0/springfox-swagger-ui-2.7.0.jar:/Users/Valentina1/.m2/repository/com/github/joschi/jackson/jackson-datatype-threetenbp/2.6.4/jackson-datatype-threetenbp-2.6.4.jar:/Users/Valentina1/.m2/repository/org/threeten/threetenbp/1.3.1/threetenbp-1.3.1.jar:/Users/Valentina1/.m2/repository/com/fasterxml/jackson/core/jackson-core/2.8.10/jackson-core-2.8.10.jar:/Users/Valentina1/.m2/repository/javax/validation/validation-api/1.1.0.Final/validation-api-1.1.0.Final.jar:/Users/Valentina1/.m2/repository/org/springframework/boot/spring-boot-starter-test/1.5.9.RELEASE/spring-boot-starter-test-1.5.9.RELEASE.jar:/Users/Valentina1/.m2/repository/org/springframework/boot/spring-boot-test/1.5.9.RELEASE/spring-boot-test-1.5.9.RELEASE.jar:/Users/Valentina1/.m2/repository/org/springframework/boot/spring-boot-test-autoconfigure/1.5.9.RELEASE/spring-boot-test-autoconfigure-1.5.9.RELEASE.jar:/Users/Valentina1/.m2/repository/com/jayway/jsonpath/json-path/2.2.0/json-path-2.2.0.jar:/Users/Valentina1/.m2/repository/net/minidev/json-smart/2.2.1/json-smart-2.2.1.jar:/Users/Valentina1/.m2/repository/net/minidev/accessors-smart/1.1/accessors-smart-1.1.jar:/Users/Valentina1/.m2/repository/org/ow2/asm/asm/5.0.3/asm-5.0.3.jar:/Users/Valentina1/.m2/repository/junit/junit/4.12/junit-4.12.jar:/Users/Valentina1/.m2/repository/org/assertj/assertj-core/2.6.0/assertj-core-2.6.0.jar:/Users/Valentina1/.m2/repository/org/mockito/mockito-core/1.10.19/mockito-core-1.10.19.jar:/Users/Valentina1/.m2/repository/org/objenesis/objenesis/2.1/objenesis-2.1.jar:/Users/Valentina1/.m2/repository/org/hamcrest/hamcrest-core/1.3/hamcrest-core-1.3.jar:/Users/Valentina1/.m2/repository/org/hamcrest/hamcrest-library/1.3/hamcrest-library-1.3.jar:/Users/Valentina1/.m2/repository/org/skyscreamer/jsonassert/1.4.0/jsonassert-1.4.0.jar:/Users/Valentina1/.m2/repository/com/vaadin/external/google/android-json/0.0.20131108.vaadin1/android-json-0.0.20131108.vaadin1.jar:/Users/Valentina1/.m2/repository/org/springframework/spring-core/4.3.13.RELEASE/spring-core-4.3.13.RELEASE.jar:/Users/Valentina1/.m2/repository/org/springframework/spring-test/4.3.13.RELEASE/spring-test-4.3.13.RELEASE.jar:/Users/Valentina1/.m2/repository/javax/xml/bind/jaxb-api/2.3.1/jaxb-api-2.3.1.jar:/Users/Valentina1/.m2/repository/javax/activation/javax.activation-api/1.2.0/javax.activation-api-1.2.0.jar:/Users/Valentina1/.m2/repository/org/glassfish/jaxb/jaxb-runtime/2.3.1/jaxb-runtime-2.3.1.jar:/Users/Valentina1/.m2/repository/org/glassfish/jaxb/txw2/2.3.1/txw2-2.3.1.jar:/Users/Valentina1/.m2/repository/com/sun/istack/istack-commons-runtime/3.0.7/istack-commons-runtime-3.0.7.jar:/Users/Valentina1/.m2/repository/org/jvnet/staxex/stax-ex/1.8/stax-ex-1.8.jar:/Users/Valentina1/.m2/repository/com/sun/xml/fastinfoset/FastInfoset/1.2.15/FastInfoset-1.2.15.jar:/Users/Valentina1/.m2/repository/javax/activation/activation/1.1.1/activation-1.1.1.jar:, java.specification.name=Java Platform API Specification, java.class.version=52.0, sun.management.compiler=HotSpot 64-Bit Tiered Compilers, os.version=12.5, http.nonProxyHosts=local|*.local|169.254/16|*.169.254/16, user.home=/Users/Valentina1, user.timezone=America/Bogota, java.awt.printerjob=sun.lwawt.macosx.CPrinterJob, file.encoding=UTF-8, java.specification.version=1.8, java.class.path=/Users/Valentina1/Desktop/UNIVERSIDAD USB/SEXTO SEMESTRE/D. sistemas comput/swagger-project/ResolveEnigmaAp/target/test-classes:/Users/Valentina1/Desktop/UNIVERSIDAD USB/SEXTO SEMESTRE/D. sistemas comput/swagger-project/ResolveEnigmaAp/target/classes:/Users/Valentina1/.m2/repository/org/springframework/boot/spring-boot-starter-web/1.5.9.RELEASE/spring-boot-starter-web-1.5.9.RELEASE.jar:/Users/Valentina1/.m2/repository/org/springframework/boot/spring-boot-starter/1.5.9.RELEASE/spring-boot-starter-1.5.9.RELEASE.jar:/Users/Valentina1/.m2/repository/org/springframework/boot/spring-boot/1.5.9.RELEASE/spring-boot-1.5.9.RELEASE.jar:/Users/Valentina1/.m2/repository/org/springframework/boot/spring-boot-autoconfigure/1.5.9.RELEASE/spring-boot-autoconfigure-1.5.9.RELEASE.jar:/Users/Valentina1/.m2/repository/org/springframework/boot/spring-boot-starter-logging/1.5.9.RELEASE/spring-boot-starter-logging-1.5.9.RELEASE.jar:/Users/Valentina1/.m2/repository/ch/qos/logback/logback-classic/1.1.11/logback-classic-1.1.11.jar:/Users/Valentina1/.m2/repository/ch/qos/logback/logback-core/1.1.11/logback-core-1.1.11.jar:/Users/Valentina1/.m2/repository/org/slf4j/jcl-over-slf4j/1.7.25/jcl-over-slf4j-1.7.25.jar:/Users/Valentina1/.m2/repository/org/slf4j/jul-to-slf4j/1.7.25/jul-to-slf4j-1.7.25.jar:/Users/Valentina1/.m2/repository/org/slf4j/log4j-over-slf4j/1.7.25/log4j-over-slf4j-1.7.25.jar:/Users/Valentina1/.m2/repository/org/yaml/snakeyaml/1.17/snakeyaml-1.17.jar:/Users/Valentina1/.m2/repository/org/hibernate/hibernate-validator/5.3.6.Final/hibernate-validator-5.3.6.Final.jar:/Users/Valentina1/.m2/repository/org/jboss/logging/jboss-logging/3.3.1.Final/jboss-logging-3.3.1.Final.jar:/Users/Valentina1/.m2/repository/com/fasterxml/jackson/core/jackson-databind/2.8.10/jackson-databind-2.8.10.jar:/Users/Valentina1/.m2/repository/com/fasterxml/jackson/core/jackson-annotations/2.8.0/jackson-annotations-2.8.0.jar:/Users/Valentina1/.m2/repository/org/springframework/spring-web/4.3.13.RELEASE/spring-web-4.3.13.RELEASE.jar:/Users/Valentina1/.m2/repository/org/springframework/spring-aop/4.3.13.RELEASE/spring-aop-4.3.13.RELEASE.jar:/Users/Valentina1/.m2/repository/org/springframework/spring-beans/4.3.13.RELEASE/spring-beans-4.3.13.RELEASE.jar:/Users/Valentina1/.m2/repository/org/springframework/spring-context/4.3.13.RELEASE/spring-context-4.3.13.RELEASE.jar:/Users/Valentina1/.m2/repository/org/springframework/spring-webmvc/4.3.13.RELEASE/spring-webmvc-4.3.13.RELEASE.jar:/Users/Valentina1/.m2/repository/org/springframework/spring-expression/4.3.13.RELEASE/spring-expression-4.3.13.RELEASE.jar:/Users/Valentina1/.m2/repository/org/springframework/boot/spring-boot-starter-tomcat/1.5.9.RELEASE/spring-boot-starter-tomcat-1.5.9.RELEASE.jar:/Users/Valentina1/.m2/repository/org/apache/tomcat/embed/tomcat-embed-core/8.5.23/tomcat-embed-core-8.5.23.jar:/Users/Valentina1/.m2/repository/org/apache/tomcat/tomcat-annotations-api/8.5.23/tomcat-annotations-api-8.5.23.jar:/Users/Valentina1/.m2/repository/org/apache/tomcat/embed/tomcat-embed-el/8.5.23/tomcat-embed-el-8.5.23.jar:/Users/Valentina1/.m2/repository/org/apache/tomcat/embed/tomcat-embed-websocket/8.5.23/tomcat-embed-websocket-8.5.23.jar:/Users/Valentina1/.m2/repository/io/springfox/springfox-swagger2/2.7.0/springfox-swagger2-2.7.0.jar:/Users/Valentina1/.m2/repository/io/swagger/swagger-annotations/1.5.13/swagger-annotations-1.5.13.jar:/Users/Valentina1/.m2/repository/io/swagger/swagger-models/1.5.13/swagger-models-1.5.13.jar:/Users/Valentina1/.m2/repository/io/springfox/springfox-spi/2.7.0/springfox-spi-2.7.0.jar:/Users/Valentina1/.m2/repository/io/springfox/springfox-core/2.7.0/springfox-core-2.7.0.jar:/Users/Valentina1/.m2/repository/net/bytebuddy/byte-buddy/1.6.14/byte-buddy-1.6.14.jar:/Users/Valentina1/.m2/repository/io/springfox/springfox-schema/2.7.0/springfox-schema-2.7.0.jar:/Users/Valentina1/.m2/repository/io/springfox/springfox-swagger-common/2.7.0/springfox-swagger-common-2.7.0.jar:/Users/Valentina1/.m2/repository/io/springfox/springfox-spring-web/2.7.0/springfox-spring-web-2.7.0.jar:/Users/Valentina1/.m2/repository/org/reflections/reflections/0.9.11/reflections-0.9.11.jar:/Users/Valentina1/.m2/repository/org/javassist/javassist/3.21.0-GA/javassist-3.21.0-GA.jar:/Users/Valentina1/.m2/repository/com/google/guava/guava/18.0/guava-18.0.jar:/Users/Valentina1/.m2/repository/com/fasterxml/classmate/1.3.4/classmate-1.3.4.jar:/Users/Valentina1/.m2/repository/org/slf4j/slf4j-api/1.7.25/slf4j-api-1.7.25.jar:/Users/Valentina1/.m2/repository/org/springframework/plugin/spring-plugin-core/1.2.0.RELEASE/spring-plugin-core-1.2.0.RELEASE.jar:/Users/Valentina1/.m2/repository/org/springframework/plugin/spring-plugin-metadata/1.2.0.RELEASE/spring-plugin-metadata-1.2.0.RELEASE.jar:/Users/Valentina1/.m2/repository/org/mapstruct/mapstruct/1.1.0.Final/mapstruct-1.1.0.Final.jar:/Users/Valentina1/.m2/repository/io/springfox/springfox-swagger-ui/2.7.0/springfox-swagger-ui-2.7.0.jar:/Users/Valentina1/.m2/repository/com/github/joschi/jackson/jackson-datatype-threetenbp/2.6.4/jackson-datatype-threetenbp-2.6.4.jar:/Users/Valentina1/.m2/repository/org/threeten/threetenbp/1.3.1/threetenbp-1.3.1.jar:/Users/Valentina1/.m2/repository/com/fasterxml/jackson/core/jackson-core/2.8.10/jackson-core-2.8.10.jar:/Users/Valentina1/.m2/repository/javax/validation/validation-api/1.1.0.Final/validation-api-1.1.0.Final.jar:/Users/Valentina1/.m2/repository/org/springframework/boot/spring-boot-starter-test/1.5.9.RELEASE/spring-boot-starter-test-1.5.9.RELEASE.jar:/Users/Valentina1/.m2/repository/org/springframework/boot/spring-boot-test/1.5.9.RELEASE/spring-boot-test-1.5.9.RELEASE.jar:/Users/Valentina1/.m2/repository/org/springframework/boot/spring-boot-test-autoconfigure/1.5.9.RELEASE/spring-boot-test-autoconfigure-1.5.9.RELEASE.jar:/Users/Valentina1/.m2/repository/com/jayway/jsonpath/json-path/2.2.0/json-path-2.2.0.jar:/Users/Valentina1/.m2/repository/net/minidev/json-smart/2.2.1/json-smart-2.2.1.jar:/Users/Valentina1/.m2/repository/net/minidev/accessors-smart/1.1/accessors-smart-1.1.jar:/Users/Valentina1/.m2/repository/org/ow2/asm/asm/5.0.3/asm-5.0.3.jar:/Users/Valentina1/.m2/repository/junit/junit/4.12/junit-4.12.jar:/Users/Valentina1/.m2/repository/org/assertj/assertj-core/2.6.0/assertj-core-2.6.0.jar:/Users/Valentina1/.m2/repository/org/mockito/mockito-core/1.10.19/mockito-core-1.10.19.jar:/Users/Valentina1/.m2/repository/org/objenesis/objenesis/2.1/objenesis-2.1.jar:/Users/Valentina1/.m2/repository/org/hamcrest/hamcrest-core/1.3/hamcrest-core-1.3.jar:/Users/Valentina1/.m2/repository/org/hamcrest/hamcrest-library/1.3/hamcrest-library-1.3.jar:/Users/Valentina1/.m2/repository/org/skyscreamer/jsonassert/1.4.0/jsonassert-1.4.0.jar:/Users/Valentina1/.m2/repository/com/vaadin/external/google/android-json/0.0.20131108.vaadin1/android-json-0.0.20131108.vaadin1.jar:/Users/Valentina1/.m2/repository/org/springframework/spring-core/4.3.13.RELEASE/spring-core-4.3.13.RELEASE.jar:/Users/Valentina1/.m2/repository/org/springframework/spring-test/4.3.13.RELEASE/spring-test-4.3.13.RELEASE.jar:/Users/Valentina1/.m2/repository/javax/xml/bind/jaxb-api/2.3.1/jaxb-api-2.3.1.jar:/Users/Valentina1/.m2/repository/javax/activation/javax.activation-api/1.2.0/javax.activation-api-1.2.0.jar:/Users/Valentina1/.m2/repository/org/glassfish/jaxb/jaxb-runtime/2.3.1/jaxb-runtime-2.3.1.jar:/Users/Valentina1/.m2/repository/org/glassfish/jaxb/txw2/2.3.1/txw2-2.3.1.jar:/Users/Valentina1/.m2/repository/com/sun/istack/istack-commons-runtime/3.0.7/istack-commons-runtime-3.0.7.jar:/Users/Valentina1/.m2/repository/org/jvnet/staxex/stax-ex/1.8/stax-ex-1.8.jar:/Users/Valentina1/.m2/repository/com/sun/xml/fastinfoset/FastInfoset/1.2.15/FastInfoset-1.2.15.jar:/Users/Valentina1/.m2/repository/javax/activation/activation/1.1.1/activation-1.1.1.jar:, user.name=Valentina1, java.vm.specification.version=1.8, sun.java.command=/Users/Valentina1/Desktop/UNIVERSIDAD USB/SEXTO SEMESTRE/D. sistemas comput/swagger-project/ResolveEnigmaAp/target/surefire/surefirebooter6153658071887023666.jar /Users/Valentina1/Desktop/UNIVERSIDAD USB/SEXTO SEMESTRE/D. sistemas comput/swagger-project/ResolveEnigmaAp/target/surefire/surefire9065581394520465982tmp /Users/Valentina1/Desktop/UNIVERSIDAD USB/SEXTO SEMESTRE/D. sistemas comput/swagger-project/ResolveEnigmaAp/target/surefire/surefire_0352252205847698700tmp, java.home=/Users/Valentina1/.sdkman/candidates/java/8.0.402-zulu/zulu-8.jdk/Contents/Home/jre, sun.arch.data.model=64, user.language=es, java.specification.vendor=Oracle Corporation, awt.toolkit=sun.lwawt.macosx.LWCToolkit, java.vm.info=mixed mode, java.version=1.8.0_402, java.ext.dirs=/Users/Valentina1/Library/Java/Extensions:/Users/Valentina1/.sdkman/candidates/java/8.0.402-zulu/zulu-8.jdk/Contents/Home/jre/lib/ext:/Library/Java/Extensions:/Network/Library/Java/Extensions:/System/Library/Java/Extensions:/usr/lib/java, sun.boot.class.path=/Users/Valentina1/.sdkman/candidates/java/8.0.402-zulu/zulu-8.jdk/Contents/Home/jre/lib/resources.jar:/Users/Valentina1/.sdkman/candidates/java/8.0.402-zulu/zulu-8.jdk/Contents/Home/jre/lib/rt.jar:/Users/Valentina1/.sdkman/candidates/java/8.0.402-zulu/zulu-8.jdk/Contents/Home/jre/lib/sunrsasign.jar:/Users/Valentina1/.sdkman/candidates/java/8.0.402-zulu/zulu-8.jdk/Contents/Home/jre/lib/jsse.jar:/Users/Valentina1/.sdkman/candidates/java/8.0.402-zulu/zulu-8.jdk/Contents/Home/jre/lib/jce.jar:/Users/Valentina1/.sdkman/candidates/java/8.0.402-zulu/zulu-8.jdk/Contents/Home/jre/lib/charsets.jar:/Users/Valentina1/.sdkman/candidates/java/8.0.402-zulu/zulu-8.jdk/Contents/Home/jre/lib/jfr.jar:/Users/Valentina1/.sdkman/candidates/java/8.0.402-zulu/zulu-8.jdk/Contents/Home/jre/lib/cat.jar:/Users/Valentina1/.sdkman/candidates/java/8.0.402-zulu/zulu-8.jdk/Contents/Home/jre/classes, java.vendor=Azul Systems, Inc., java.specification.maintenance.version=5, localRepository=/Users/Valentina1/.m2/repository, file.separator=/, java.vendor.url.bug=http://www.azul.com/support/, sun.io.unicode.encoding=UnicodeBig, sun.cpu.endian=little, socksNonProxyHosts=local|*.local|169.254/16|*.169.254/16, ftp.nonProxyHosts=local|*.local|169.254/16|*.169.254/16, sun.cpu.isalist=}}, SystemEnvironmentPropertySource@407858146 {name='systemEnvironment', properties={PATH=/Users/Valentina1/.sdkman/candidates/java/current/bin:/usr/local/bin:/usr/local/bin:/Library/Frameworks/Python.framework/Versions/3.11.2/bin:/usr/local/bin:/usr/bin:/bin:/usr/sbin:/sbin:/Users/Valentina1/Desktop/apache-maven-3.9.6/bin:/Library/Frameworks/Python.framework/Versions/3.11.2/bin, JAVA_MAIN_CLASS_12377=org.apache.maven.surefire.booter.ForkedBooter, JAVA_HOME=/Users/Valentina1/.sdkman/candidates/java/current, TERM=xterm-256color, SDKMAN_DIR=/Users/Valentina1/.sdkman, LOGNAME=Valentina1, XPC_SERVICE_NAME=0, PWD=/Users/Valentina1/Desktop/UNIVERSIDAD USB/SEXTO SEMESTRE/D. sistemas comput/swagger-project/ResolveEnigmaAp, TERM_PROGRAM_VERSION=445, MAVEN_CMD_LINE_ARGS= clean install -U, _=/Users/Valentina1/.sdkman/candidates/java/8.0.402-zulu/zulu-8.jdk/Contents/Home/jre/bin/java, SDKMAN_CANDIDATES_DIR=/Users/Valentina1/.sdkman/candidates, __CFBundleIdentifier=com.apple.Terminal, SHELL=/bin/zsh, TERM_PROGRAM=Apple_Terminal, JAVA_MAIN_CLASS_12346=org.codehaus.plexus.classworlds.launcher.Launcher, SDKMAN_CANDIDATES_API=https://api.sdkman.io/2, MAVEN_PROJECTBASEDIR=/Users/Valentina1/Desktop/UNIVERSIDAD USB/SEXTO SEMESTRE/D. sistemas comput/swagger-project/ResolveEnigmaAp, OLDPWD=/Users/Valentina1/Desktop/UNIVERSIDAD USB/SEXTO SEMESTRE/D. sistemas comput/swagger-project/ResolveEnigmaAp, SDKMAN_PLATFORM=darwinarm64, USER=Valentina1, TMPDIR=/var/folders/96/b5_88bjn7wj7rgktg_czmpdr0000gq/T/, SSH_AUTH_SOCK=/private/tmp/com.apple.launchd.F8uleYmStx/Listeners, XPC_FLAGS=0x0, TERM_SESSION_ID=E527B1EA-C544-46DF-84CD-8EAA88507A65, __CF_USER_TEXT_ENCODING=0x1F7:0x0:0x56, LC_CTYPE=UTF-8, HOME=/Users/Valentina1, SHLVL=2}}]
13:02:41.629 [main] DEBUG org.springframework.core.io.support.PathMatchingResourcePatternResolver - Resolved classpath location [co/com/agudelo/microservice/resolveEnigmaApi/api/] to resources [URL [file:/Users/Valentina1/Desktop/UNIVERSIDAD%20USB/SEXTO%20SEMESTRE/D.%20sistemas%20comput/swagger-project/ResolveEnigmaAp/target/test-classes/co/com/agudelo/microservice/resolveEnigmaApi/api/], URL [file:/Users/Valentina1/Desktop/UNIVERSIDAD%20USB/SEXTO%20SEMESTRE/D.%20sistemas%20comput/swagger-project/ResolveEnigmaAp/target/classes/co/com/agudelo/microservice/resolveEnigmaApi/api/]]
13:02:41.629 [main] DEBUG org.springframework.core.io.support.PathMatchingResourcePatternResolver - Looking for matching resources in directory tree [/Users/Valentina1/Desktop/UNIVERSIDAD USB/SEXTO SEMESTRE/D. sistemas comput/swagger-project/ResolveEnigmaAp/target/test-classes/co/com/agudelo/microservice/resolveEnigmaApi/api]
13:02:41.630 [main] DEBUG org.springframework.core.io.support.PathMatchingResourcePatternResolver - Searching directory [/Users/Valentina1/Desktop/UNIVERSIDAD USB/SEXTO SEMESTRE/D. sistemas comput/swagger-project/ResolveEnigmaAp/target/test-classes/co/com/agudelo/microservice/resolveEnigmaApi/api] for files matching pattern [/Users/Valentina1/Desktop/UNIVERSIDAD USB/SEXTO SEMESTRE/D. sistemas comput/swagger-project/ResolveEnigmaAp/target/test-classes/co/com/agudelo/microservice/resolveEnigmaApi/api/*.class]
13:02:41.633 [main] DEBUG org.springframework.core.io.support.PathMatchingResourcePatternResolver - Looking for matching resources in directory tree [/Users/Valentina1/Desktop/UNIVERSIDAD USB/SEXTO SEMESTRE/D. sistemas comput/swagger-project/ResolveEnigmaAp/target/classes/co/com/agudelo/microservice/resolveEnigmaApi/api]
13:02:41.633 [main] DEBUG org.springframework.core.io.support.PathMatchingResourcePatternResolver - Searching directory [/Users/Valentina1/Desktop/UNIVERSIDAD USB/SEXTO SEMESTRE/D. sistemas comput/swagger-project/ResolveEnigmaAp/target/classes/co/com/agudelo/microservice/resolveEnigmaApi/api] for files matching pattern [/Users/Valentina1/Desktop/UNIVERSIDAD USB/SEXTO SEMESTRE/D. sistemas comput/swagger-project/ResolveEnigmaAp/target/classes/co/com/agudelo/microservice/resolveEnigmaApi/api/*.class]
13:02:41.637 [main] DEBUG org.springframework.core.io.support.PathMatchingResourcePatternResolver - Resolved location pattern [classpath*:co/com/agudelo/microservice/resolveEnigmaApi/api/*.class] to resources [file [/Users/Valentina1/Desktop/UNIVERSIDAD USB/SEXTO SEMESTRE/D. sistemas comput/swagger-project/ResolveEnigmaAp/target/test-classes/co/com/agudelo/microservice/resolveEnigmaApi/api/GetStepApiControllerIntegrationTest.class], file [/Users/Valentina1/Desktop/UNIVERSIDAD USB/SEXTO SEMESTRE/D. sistemas comput/swagger-project/ResolveEnigmaAp/target/classes/co/com/agudelo/microservice/resolveEnigmaApi/api/ApiException.class], file [/Users/Valentina1/Desktop/UNIVERSIDAD USB/SEXTO SEMESTRE/D. sistemas comput/swagger-project/ResolveEnigmaAp/target/classes/co/com/agudelo/microservice/resolveEnigmaApi/api/ApiOriginFilter.class], file [/Users/Valentina1/Desktop/UNIVERSIDAD USB/SEXTO SEMESTRE/D. sistemas comput/swagger-project/ResolveEnigmaAp/target/classes/co/com/agudelo/microservice/resolveEnigmaApi/api/ApiResponseMessage.class], file [/Users/Valentina1/Desktop/UNIVERSIDAD USB/SEXTO SEMESTRE/D. sistemas comput/swagger-project/ResolveEnigmaAp/target/classes/co/com/agudelo/microservice/resolveEnigmaApi/api/GetStepApi.class], file [/Users/Valentina1/Desktop/UNIVERSIDAD USB/SEXTO SEMESTRE/D. sistemas comput/swagger-project/ResolveEnigmaAp/target/classes/co/com/agudelo/microservice/resolveEnigmaApi/api/GetStepApiController.class], file [/Users/Valentina1/Desktop/UNIVERSIDAD USB/SEXTO SEMESTRE/D. sistemas comput/swagger-project/ResolveEnigmaAp/target/classes/co/com/agudelo/microservice/resolveEnigmaApi/api/NotFoundException.class]]
13:02:41.671 [main] DEBUG org.springframework.core.io.support.PathMatchingResourcePatternResolver - Resolved classpath location [co/com/agudelo/microservice/resolveEnigmaApi/] to resources [URL [file:/Users/Valentina1/Desktop/UNIVERSIDAD%20USB/SEXTO%20SEMESTRE/D.%20sistemas%20comput/swagger-project/ResolveEnigmaAp/target/test-classes/co/com/agudelo/microservice/resolveEnigmaApi/], URL [file:/Users/Valentina1/Desktop/UNIVERSIDAD%20USB/SEXTO%20SEMESTRE/D.%20sistemas%20comput/swagger-project/ResolveEnigmaAp/target/classes/co/com/agudelo/microservice/resolveEnigmaApi/]]
13:02:41.672 [main] DEBUG org.springframework.core.io.support.PathMatchingResourcePatternResolver - Looking for matching resources in directory tree [/Users/Valentina1/Desktop/UNIVERSIDAD USB/SEXTO SEMESTRE/D. sistemas comput/swagger-project/ResolveEnigmaAp/target/test-classes/co/com/agudelo/microservice/resolveEnigmaApi]
13:02:41.672 [main] DEBUG org.springframework.core.io.support.PathMatchingResourcePatternResolver - Searching directory [/Users/Valentina1/Desktop/UNIVERSIDAD USB/SEXTO SEMESTRE/D. sistemas comput/swagger-project/ResolveEnigmaAp/target/test-classes/co/com/agudelo/microservice/resolveEnigmaApi] for files matching pattern [/Users/Valentina1/Desktop/UNIVERSIDAD USB/SEXTO SEMESTRE/D. sistemas comput/swagger-project/ResolveEnigmaAp/target/test-classes/co/com/agudelo/microservice/resolveEnigmaApi/*.class]
13:02:41.672 [main] DEBUG org.springframework.core.io.support.PathMatchingResourcePatternResolver - Looking for matching resources in directory tree [/Users/Valentina1/Desktop/UNIVERSIDAD USB/SEXTO SEMESTRE/D. sistemas comput/swagger-project/ResolveEnigmaAp/target/classes/co/com/agudelo/microservice/resolveEnigmaApi]
13:02:41.672 [main] DEBUG org.springframework.core.io.support.PathMatchingResourcePatternResolver - Searching directory [/Users/Valentina1/Desktop/UNIVERSIDAD USB/SEXTO SEMESTRE/D. sistemas comput/swagger-project/ResolveEnigmaAp/target/classes/co/com/agudelo/microservice/resolveEnigmaApi] for files matching pattern [/Users/Valentina1/Desktop/UNIVERSIDAD USB/SEXTO SEMESTRE/D. sistemas comput/swagger-project/ResolveEnigmaAp/target/classes/co/com/agudelo/microservice/resolveEnigmaApi/*.class]
13:02:41.674 [main] DEBUG org.springframework.core.io.support.PathMatchingResourcePatternResolver - Resolved location pattern [classpath*:co/com/agudelo/microservice/resolveEnigmaApi/*.class] to resources [file [/Users/Valentina1/Desktop/UNIVERSIDAD USB/SEXTO SEMESTRE/D. sistemas comput/swagger-project/ResolveEnigmaAp/target/classes/co/com/agudelo/microservice/resolveEnigmaApi/ResolveEnigmaApplication.class]]
13:02:41.706 [main] DEBUG org.springframework.context.annotation.ClassPathScanningCandidateComponentProvider - Identified candidate component class: file [/Users/Valentina1/Desktop/UNIVERSIDAD USB/SEXTO SEMESTRE/D. sistemas comput/swagger-project/ResolveEnigmaAp/target/classes/co/com/agudelo/microservice/resolveEnigmaApi/ResolveEnigmaApplication.class]
13:02:41.706 [main] INFO org.springframework.boot.test.context.SpringBootTestContextBootstrapper - Found @SpringBootConfiguration co.com.agudelo.microservice.resolveEnigmaApi.ResolveEnigmaApplication for test class co.com.agudelo.microservice.resolveEnigmaApi.api.GetStepApiControllerIntegrationTest
13:02:41.710 [main] DEBUG org.springframework.boot.test.context.SpringBootTestContextBootstrapper - @TestExecutionListeners is not present for class [co.com.agudelo.microservice.resolveEnigmaApi.api.GetStepApiControllerIntegrationTest]: using defaults.
13:02:41.712 [main] INFO org.springframework.boot.test.context.SpringBootTestContextBootstrapper - Loaded default TestExecutionListener class names from location [META-INF/spring.factories]: [org.springframework.boot.test.mock.mockito.MockitoTestExecutionListener, org.springframework.boot.test.mock.mockito.ResetMocksTestExecutionListener, org.springframework.boot.test.autoconfigure.restdocs.RestDocsTestExecutionListener, org.springframework.boot.test.autoconfigure.web.client.MockRestServiceServerResetTestExecutionListener, org.springframework.boot.test.autoconfigure.web.servlet.MockMvcPrintOnlyOnFailureTestExecutionListener, org.springframework.boot.test.autoconfigure.web.servlet.WebDriverTestExecutionListener, org.springframework.test.context.web.ServletTestExecutionListener, org.springframework.test.context.support.DirtiesContextBeforeModesTestExecutionListener, org.springframework.test.context.support.DependencyInjectionTestExecutionListener, org.springframework.test.context.support.DirtiesContextTestExecutionListener, org.springframework.test.context.transaction.TransactionalTestExecutionListener, org.springframework.test.context.jdbc.SqlScriptsTestExecutionListener]
13:02:41.722 [main] INFO org.springframework.boot.test.context.SpringBootTestContextBootstrapper - Could not instantiate TestExecutionListener [org.springframework.test.context.transaction.TransactionalTestExecutionListener]. Specify custom listener classes or make the default listener classes (and their required dependencies) available. Offending class: [org/springframework/transaction/interceptor/TransactionAttributeSource]
13:02:41.723 [main] INFO org.springframework.boot.test.context.SpringBootTestContextBootstrapper - Could not instantiate TestExecutionListener [org.springframework.test.context.jdbc.SqlScriptsTestExecutionListener]. Specify custom listener classes or make the default listener classes (and their required dependencies) available. Offending class: [org/springframework/transaction/interceptor/TransactionAttribute]
13:02:41.724 [main] INFO org.springframework.boot.test.context.SpringBootTestContextBootstrapper - Using TestExecutionListeners: [org.springframework.test.context.web.ServletTestExecutionListener@701fc37a, org.springframework.test.context.support.DirtiesContextBeforeModesTestExecutionListener@4148db48, org.springframework.boot.test.autoconfigure.SpringBootDependencyInjectionTestExecutionListener@282003e1, org.springframework.test.context.support.DirtiesContextTestExecutionListener@7fad8c79, org.springframework.boot.test.mock.mockito.MockitoTestExecutionListener@71a794e5, org.springframework.boot.test.mock.mockito.ResetMocksTestExecutionListener@76329302, org.springframework.boot.test.autoconfigure.restdocs.RestDocsTestExecutionListener@5e25a92e, org.springframework.boot.test.autoconfigure.web.servlet.WebDriverTestExecutionListener@4df828d7, org.springframework.boot.test.autoconfigure.web.client.MockRestServiceServerResetTestExecutionListener@b59d31, org.springframework.boot.test.autoconfigure.web.servlet.MockMvcPrintOnlyOnFailureTestExecutionListener@62fdb4a6]
13:02:41.726 [main] DEBUG org.springframework.test.annotation.ProfileValueUtils - Retrieved @ProfileValueSourceConfiguration [null] for test class [co.com.agudelo.microservice.resolveEnigmaApi.api.GetStepApiControllerIntegrationTest]
13:02:41.727 [main] DEBUG org.springframework.test.annotation.ProfileValueUtils - Retrieved ProfileValueSource type [class org.springframework.test.annotation.SystemProfileValueSource] for class [co.com.agudelo.microservice.resolveEnigmaApi.api.GetStepApiControllerIntegrationTest]
13:02:41.729 [main] DEBUG org.springframework.test.context.junit4.SpringJUnit4ClassRunner - SpringJUnit4ClassRunner constructor called with [class co.com.agudelo.microservice.resolveEnigmaApi.api.GetStepApiControllerIntegrationTest]
13:02:41.729 [main] DEBUG org.springframework.test.context.BootstrapUtils - Instantiating CacheAwareContextLoaderDelegate from class [org.springframework.test.context.cache.DefaultCacheAwareContextLoaderDelegate]
13:02:41.729 [main] DEBUG org.springframework.test.context.BootstrapUtils - Instantiating BootstrapContext using constructor [public org.springframework.test.context.support.DefaultBootstrapContext(java.lang.Class,org.springframework.test.context.CacheAwareContextLoaderDelegate)]
13:02:41.729 [main] DEBUG org.springframework.test.context.BootstrapUtils - Instantiating TestContextBootstrapper for test class [co.com.agudelo.microservice.resolveEnigmaApi.api.GetStepApiControllerIntegrationTest] from class [org.springframework.boot.test.context.SpringBootTestContextBootstrapper]
13:02:41.730 [main] INFO org.springframework.boot.test.context.SpringBootTestContextBootstrapper - Neither @ContextConfiguration nor @ContextHierarchy found for test class [co.com.agudelo.microservice.resolveEnigmaApi.api.GetStepApiControllerIntegrationTest], using SpringBootContextLoader
13:02:41.730 [main] DEBUG org.springframework.test.context.support.AbstractContextLoader - Did not detect default resource location for test class [co.com.agudelo.microservice.resolveEnigmaApi.api.GetStepApiControllerIntegrationTest]: class path resource [co/com/agudelo/microservice/resolveEnigmaApi/api/GetStepApiControllerIntegrationTest-context.xml] does not exist
13:02:41.730 [main] DEBUG org.springframework.test.context.support.AbstractContextLoader - Did not detect default resource location for test class [co.com.agudelo.microservice.resolveEnigmaApi.api.GetStepApiControllerIntegrationTest]: class path resource [co/com/agudelo/microservice/resolveEnigmaApi/api/GetStepApiControllerIntegrationTestContext.groovy] does not exist
13:02:41.731 [main] INFO org.springframework.test.context.support.AbstractContextLoader - Could not detect default resource locations for test class [co.com.agudelo.microservice.resolveEnigmaApi.api.GetStepApiControllerIntegrationTest]: no resource found for suffixes {-context.xml, Context.groovy}.
13:02:41.731 [main] INFO org.springframework.test.context.support.AnnotationConfigContextLoaderUtils - Could not detect default configuration classes for test class [co.com.agudelo.microservice.resolveEnigmaApi.api.GetStepApiControllerIntegrationTest]: GetStepApiControllerIntegrationTest does not declare any static, non-private, non-final, nested classes annotated with @Configuration.
13:02:41.735 [main] DEBUG org.springframework.test.context.support.ActiveProfilesUtils - Could not find an 'annotation declaring class' for annotation type [org.springframework.test.context.ActiveProfiles] and class [co.com.agudelo.microservice.resolveEnigmaApi.api.GetStepApiControllerIntegrationTest]
13:02:41.735 [main] DEBUG org.springframework.core.env.StandardEnvironment - Adding PropertySource 'systemProperties' with lowest search precedence
13:02:41.735 [main] DEBUG org.springframework.core.env.StandardEnvironment - Adding PropertySource 'systemEnvironment' with lowest search precedence
13:02:41.735 [main] DEBUG org.springframework.core.env.StandardEnvironment - Initialized StandardEnvironment with PropertySources [MapPropertySource@943081537 {name='systemProperties', properties={java.runtime.name=OpenJDK Runtime Environment, sun.boot.library.path=/Users/Valentina1/.sdkman/candidates/java/8.0.402-zulu/zulu-8.jdk/Contents/Home/jre/lib, java.vm.version=25.402-b06, gopherProxySet=false, jdk.vendor.version=Zulu 8.76.0.17-CA-macos-aarch64, java.vm.vendor=Azul Systems, Inc., java.vendor.url=http://www.azul.com/, path.separator=:, java.vm.name=OpenJDK 64-Bit Server VM, file.encoding.pkg=sun.io, user.country=MX, sun.java.launcher=SUN_STANDARD, sun.os.patch.level=unknown, java.vm.specification.name=Java Virtual Machine Specification, user.dir=/Users/Valentina1/Desktop/UNIVERSIDAD USB/SEXTO SEMESTRE/D. sistemas comput/swagger-project/ResolveEnigmaAp, java.runtime.version=1.8.0_402-b06, basedir=/Users/Valentina1/Desktop/UNIVERSIDAD USB/SEXTO SEMESTRE/D. sistemas comput/swagger-project/ResolveEnigmaAp, java.awt.graphicsenv=sun.awt.CGraphicsEnvironment, java.endorsed.dirs=/Users/Valentina1/.sdkman/candidates/java/8.0.402-zulu/zulu-8.jdk/Contents/Home/jre/lib/endorsed, os.arch=aarch64, surefire.real.class.path=/Users/Valentina1/Desktop/UNIVERSIDAD USB/SEXTO SEMESTRE/D. sistemas comput/swagger-project/ResolveEnigmaAp/target/surefire/surefirebooter6153658071887023666.jar, java.io.tmpdir=/var/folders/96/b5_88bjn7wj7rgktg_czmpdr0000gq/T/, line.separator=
, java.vm.specification.vendor=Oracle Corporation, os.name=Mac OS X, sun.jnu.encoding=UTF-8, java.library.path=/Users/Valentina1/Library/Java/Extensions:/Library/Java/Extensions:/Network/Library/Java/Extensions:/System/Library/Java/Extensions:/usr/lib/java:., surefire.test.class.path=/Users/Valentina1/Desktop/UNIVERSIDAD USB/SEXTO SEMESTRE/D. sistemas comput/swagger-project/ResolveEnigmaAp/target/test-classes:/Users/Valentina1/Desktop/UNIVERSIDAD USB/SEXTO SEMESTRE/D. sistemas comput/swagger-project/ResolveEnigmaAp/target/classes:/Users/Valentina1/.m2/repository/org/springframework/boot/spring-boot-starter-web/1.5.9.RELEASE/spring-boot-starter-web-1.5.9.RELEASE.jar:/Users/Valentina1/.m2/repository/org/springframework/boot/spring-boot-starter/1.5.9.RELEASE/spring-boot-starter-1.5.9.RELEASE.jar:/Users/Valentina1/.m2/repository/org/springframework/boot/spring-boot/1.5.9.RELEASE/spring-boot-1.5.9.RELEASE.jar:/Users/Valentina1/.m2/repository/org/springframework/boot/spring-boot-autoconfigure/1.5.9.RELEASE/spring-boot-autoconfigure-1.5.9.RELEASE.jar:/Users/Valentina1/.m2/repository/org/springframework/boot/spring-boot-starter-logging/1.5.9.RELEASE/spring-boot-starter-logging-1.5.9.RELEASE.jar:/Users/Valentina1/.m2/repository/ch/qos/logback/logback-classic/1.1.11/logback-classic-1.1.11.jar:/Users/Valentina1/.m2/repository/ch/qos/logback/logback-core/1.1.11/logback-core-1.1.11.jar:/Users/Valentina1/.m2/repository/org/slf4j/jcl-over-slf4j/1.7.25/jcl-over-slf4j-1.7.25.jar:/Users/Valentina1/.m2/repository/org/slf4j/jul-to-slf4j/1.7.25/jul-to-slf4j-1.7.25.jar:/Users/Valentina1/.m2/repository/org/slf4j/log4j-over-slf4j/1.7.25/log4j-over-slf4j-1.7.25.jar:/Users/Valentina1/.m2/repository/org/yaml/snakeyaml/1.17/snakeyaml-1.17.jar:/Users/Valentina1/.m2/repository/org/hibernate/hibernate-validator/5.3.6.Final/hibernate-validator-5.3.6.Final.jar:/Users/Valentina1/.m2/repository/org/jboss/logging/jboss-logging/3.3.1.Final/jboss-logging-3.3.1.Final.jar:/Users/Valentina1/.m2/repository/com/fasterxml/jackson/core/jackson-databind/2.8.10/jackson-databind-2.8.10.jar:/Users/Valentina1/.m2/repository/com/fasterxml/jackson/core/jackson-annotations/2.8.0/jackson-annotations-2.8.0.jar:/Users/Valentina1/.m2/repository/org/springframework/spring-web/4.3.13.RELEASE/spring-web-4.3.13.RELEASE.jar:/Users/Valentina1/.m2/repository/org/springframework/spring-aop/4.3.13.RELEASE/spring-aop-4.3.13.RELEASE.jar:/Users/Valentina1/.m2/repository/org/springframework/spring-beans/4.3.13.RELEASE/spring-beans-4.3.13.RELEASE.jar:/Users/Valentina1/.m2/repository/org/springframework/spring-context/4.3.13.RELEASE/spring-context-4.3.13.RELEASE.jar:/Users/Valentina1/.m2/repository/org/springframework/spring-webmvc/4.3.13.RELEASE/spring-webmvc-4.3.13.RELEASE.jar:/Users/Valentina1/.m2/repository/org/springframework/spring-expression/4.3.13.RELEASE/spring-expression-4.3.13.RELEASE.jar:/Users/Valentina1/.m2/repository/org/springframework/boot/spring-boot-starter-tomcat/1.5.9.RELEASE/spring-boot-starter-tomcat-1.5.9.RELEASE.jar:/Users/Valentina1/.m2/repository/org/apache/tomcat/embed/tomcat-embed-core/8.5.23/tomcat-embed-core-8.5.23.jar:/Users/Valentina1/.m2/repository/org/apache/tomcat/tomcat-annotations-api/8.5.23/tomcat-annotations-api-8.5.23.jar:/Users/Valentina1/.m2/repository/org/apache/tomcat/embed/tomcat-embed-el/8.5.23/tomcat-embed-el-8.5.23.jar:/Users/Valentina1/.m2/repository/org/apache/tomcat/embed/tomcat-embed-websocket/8.5.23/tomcat-embed-websocket-8.5.23.jar:/Users/Valentina1/.m2/repository/io/springfox/springfox-swagger2/2.7.0/springfox-swagger2-2.7.0.jar:/Users/Valentina1/.m2/repository/io/swagger/swagger-annotations/1.5.13/swagger-annotations-1.5.13.jar:/Users/Valentina1/.m2/repository/io/swagger/swagger-models/1.5.13/swagger-models-1.5.13.jar:/Users/Valentina1/.m2/repository/io/springfox/springfox-spi/2.7.0/springfox-spi-2.7.0.jar:/Users/Valentina1/.m2/repository/io/springfox/springfox-core/2.7.0/springfox-core-2.7.0.jar:/Users/Valentina1/.m2/repository/net/bytebuddy/byte-buddy/1.6.14/byte-buddy-1.6.14.jar:/Users/Valentina1/.m2/repository/io/springfox/springfox-schema/2.7.0/springfox-schema-2.7.0.jar:/Users/Valentina1/.m2/repository/io/springfox/springfox-swagger-common/2.7.0/springfox-swagger-common-2.7.0.jar:/Users/Valentina1/.m2/repository/io/springfox/springfox-spring-web/2.7.0/springfox-spring-web-2.7.0.jar:/Users/Valentina1/.m2/repository/org/reflections/reflections/0.9.11/reflections-0.9.11.jar:/Users/Valentina1/.m2/repository/org/javassist/javassist/3.21.0-GA/javassist-3.21.0-GA.jar:/Users/Valentina1/.m2/repository/com/google/guava/guava/18.0/guava-18.0.jar:/Users/Valentina1/.m2/repository/com/fasterxml/classmate/1.3.4/classmate-1.3.4.jar:/Users/Valentina1/.m2/repository/org/slf4j/slf4j-api/1.7.25/slf4j-api-1.7.25.jar:/Users/Valentina1/.m2/repository/org/springframework/plugin/spring-plugin-core/1.2.0.RELEASE/spring-plugin-core-1.2.0.RELEASE.jar:/Users/Valentina1/.m2/repository/org/springframework/plugin/spring-plugin-metadata/1.2.0.RELEASE/spring-plugin-metadata-1.2.0.RELEASE.jar:/Users/Valentina1/.m2/repository/org/mapstruct/mapstruct/1.1.0.Final/mapstruct-1.1.0.Final.jar:/Users/Valentina1/.m2/repository/io/springfox/springfox-swagger-ui/2.7.0/springfox-swagger-ui-2.7.0.jar:/Users/Valentina1/.m2/repository/com/github/joschi/jackson/jackson-datatype-threetenbp/2.6.4/jackson-datatype-threetenbp-2.6.4.jar:/Users/Valentina1/.m2/repository/org/threeten/threetenbp/1.3.1/threetenbp-1.3.1.jar:/Users/Valentina1/.m2/repository/com/fasterxml/jackson/core/jackson-core/2.8.10/jackson-core-2.8.10.jar:/Users/Valentina1/.m2/repository/javax/validation/validation-api/1.1.0.Final/validation-api-1.1.0.Final.jar:/Users/Valentina1/.m2/repository/org/springframework/boot/spring-boot-starter-test/1.5.9.RELEASE/spring-boot-starter-test-1.5.9.RELEASE.jar:/Users/Valentina1/.m2/repository/org/springframework/boot/spring-boot-test/1.5.9.RELEASE/spring-boot-test-1.5.9.RELEASE.jar:/Users/Valentina1/.m2/repository/org/springframework/boot/spring-boot-test-autoconfigure/1.5.9.RELEASE/spring-boot-test-autoconfigure-1.5.9.RELEASE.jar:/Users/Valentina1/.m2/repository/com/jayway/jsonpath/json-path/2.2.0/json-path-2.2.0.jar:/Users/Valentina1/.m2/repository/net/minidev/json-smart/2.2.1/json-smart-2.2.1.jar:/Users/Valentina1/.m2/repository/net/minidev/accessors-smart/1.1/accessors-smart-1.1.jar:/Users/Valentina1/.m2/repository/org/ow2/asm/asm/5.0.3/asm-5.0.3.jar:/Users/Valentina1/.m2/repository/junit/junit/4.12/junit-4.12.jar:/Users/Valentina1/.m2/repository/org/assertj/assertj-core/2.6.0/assertj-core-2.6.0.jar:/Users/Valentina1/.m2/repository/org/mockito/mockito-core/1.10.19/mockito-core-1.10.19.jar:/Users/Valentina1/.m2/repository/org/objenesis/objenesis/2.1/objenesis-2.1.jar:/Users/Valentina1/.m2/repository/org/hamcrest/hamcrest-core/1.3/hamcrest-core-1.3.jar:/Users/Valentina1/.m2/repository/org/hamcrest/hamcrest-library/1.3/hamcrest-library-1.3.jar:/Users/Valentina1/.m2/repository/org/skyscreamer/jsonassert/1.4.0/jsonassert-1.4.0.jar:/Users/Valentina1/.m2/repository/com/vaadin/external/google/android-json/0.0.20131108.vaadin1/android-json-0.0.20131108.vaadin1.jar:/Users/Valentina1/.m2/repository/org/springframework/spring-core/4.3.13.RELEASE/spring-core-4.3.13.RELEASE.jar:/Users/Valentina1/.m2/repository/org/springframework/spring-test/4.3.13.RELEASE/spring-test-4.3.13.RELEASE.jar:/Users/Valentina1/.m2/repository/javax/xml/bind/jaxb-api/2.3.1/jaxb-api-2.3.1.jar:/Users/Valentina1/.m2/repository/javax/activation/javax.activation-api/1.2.0/javax.activation-api-1.2.0.jar:/Users/Valentina1/.m2/repository/org/glassfish/jaxb/jaxb-runtime/2.3.1/jaxb-runtime-2.3.1.jar:/Users/Valentina1/.m2/repository/org/glassfish/jaxb/txw2/2.3.1/txw2-2.3.1.jar:/Users/Valentina1/.m2/repository/com/sun/istack/istack-commons-runtime/3.0.7/istack-commons-runtime-3.0.7.jar:/Users/Valentina1/.m2/repository/org/jvnet/staxex/stax-ex/1.8/stax-ex-1.8.jar:/Users/Valentina1/.m2/repository/com/sun/xml/fastinfoset/FastInfoset/1.2.15/FastInfoset-1.2.15.jar:/Users/Valentina1/.m2/repository/javax/activation/activation/1.1.1/activation-1.1.1.jar:, java.specification.name=Java Platform API Specification, java.class.version=52.0, sun.management.compiler=HotSpot 64-Bit Tiered Compilers, os.version=12.5, http.nonProxyHosts=local|*.local|169.254/16|*.169.254/16, user.home=/Users/Valentina1, user.timezone=America/Bogota, java.awt.printerjob=sun.lwawt.macosx.CPrinterJob, file.encoding=UTF-8, java.specification.version=1.8, java.class.path=/Users/Valentina1/Desktop/UNIVERSIDAD USB/SEXTO SEMESTRE/D. sistemas comput/swagger-project/ResolveEnigmaAp/target/test-classes:/Users/Valentina1/Desktop/UNIVERSIDAD USB/SEXTO SEMESTRE/D. sistemas comput/swagger-project/ResolveEnigmaAp/target/classes:/Users/Valentina1/.m2/repository/org/springframework/boot/spring-boot-starter-web/1.5.9.RELEASE/spring-boot-starter-web-1.5.9.RELEASE.jar:/Users/Valentina1/.m2/repository/org/springframework/boot/spring-boot-starter/1.5.9.RELEASE/spring-boot-starter-1.5.9.RELEASE.jar:/Users/Valentina1/.m2/repository/org/springframework/boot/spring-boot/1.5.9.RELEASE/spring-boot-1.5.9.RELEASE.jar:/Users/Valentina1/.m2/repository/org/springframework/boot/spring-boot-autoconfigure/1.5.9.RELEASE/spring-boot-autoconfigure-1.5.9.RELEASE.jar:/Users/Valentina1/.m2/repository/org/springframework/boot/spring-boot-starter-logging/1.5.9.RELEASE/spring-boot-starter-logging-1.5.9.RELEASE.jar:/Users/Valentina1/.m2/repository/ch/qos/logback/logback-classic/1.1.11/logback-classic-1.1.11.jar:/Users/Valentina1/.m2/repository/ch/qos/logback/logback-core/1.1.11/logback-core-1.1.11.jar:/Users/Valentina1/.m2/repository/org/slf4j/jcl-over-slf4j/1.7.25/jcl-over-slf4j-1.7.25.jar:/Users/Valentina1/.m2/repository/org/slf4j/jul-to-slf4j/1.7.25/jul-to-slf4j-1.7.25.jar:/Users/Valentina1/.m2/repository/org/slf4j/log4j-over-slf4j/1.7.25/log4j-over-slf4j-1.7.25.jar:/Users/Valentina1/.m2/repository/org/yaml/snakeyaml/1.17/snakeyaml-1.17.jar:/Users/Valentina1/.m2/repository/org/hibernate/hibernate-validator/5.3.6.Final/hibernate-validator-5.3.6.Final.jar:/Users/Valentina1/.m2/repository/org/jboss/logging/jboss-logging/3.3.1.Final/jboss-logging-3.3.1.Final.jar:/Users/Valentina1/.m2/repository/com/fasterxml/jackson/core/jackson-databind/2.8.10/jackson-databind-2.8.10.jar:/Users/Valentina1/.m2/repository/com/fasterxml/jackson/core/jackson-annotations/2.8.0/jackson-annotations-2.8.0.jar:/Users/Valentina1/.m2/repository/org/springframework/spring-web/4.3.13.RELEASE/spring-web-4.3.13.RELEASE.jar:/Users/Valentina1/.m2/repository/org/springframework/spring-aop/4.3.13.RELEASE/spring-aop-4.3.13.RELEASE.jar:/Users/Valentina1/.m2/repository/org/springframework/spring-beans/4.3.13.RELEASE/spring-beans-4.3.13.RELEASE.jar:/Users/Valentina1/.m2/repository/org/springframework/spring-context/4.3.13.RELEASE/spring-context-4.3.13.RELEASE.jar:/Users/Valentina1/.m2/repository/org/springframework/spring-webmvc/4.3.13.RELEASE/spring-webmvc-4.3.13.RELEASE.jar:/Users/Valentina1/.m2/repository/org/springframework/spring-expression/4.3.13.RELEASE/spring-expression-4.3.13.RELEASE.jar:/Users/Valentina1/.m2/repository/org/springframework/boot/spring-boot-starter-tomcat/1.5.9.RELEASE/spring-boot-starter-tomcat-1.5.9.RELEASE.jar:/Users/Valentina1/.m2/repository/org/apache/tomcat/embed/tomcat-embed-core/8.5.23/tomcat-embed-core-8.5.23.jar:/Users/Valentina1/.m2/repository/org/apache/tomcat/tomcat-annotations-api/8.5.23/tomcat-annotations-api-8.5.23.jar:/Users/Valentina1/.m2/repository/org/apache/tomcat/embed/tomcat-embed-el/8.5.23/tomcat-embed-el-8.5.23.jar:/Users/Valentina1/.m2/repository/org/apache/tomcat/embed/tomcat-embed-websocket/8.5.23/tomcat-embed-websocket-8.5.23.jar:/Users/Valentina1/.m2/repository/io/springfox/springfox-swagger2/2.7.0/springfox-swagger2-2.7.0.jar:/Users/Valentina1/.m2/repository/io/swagger/swagger-annotations/1.5.13/swagger-annotations-1.5.13.jar:/Users/Valentina1/.m2/repository/io/swagger/swagger-models/1.5.13/swagger-models-1.5.13.jar:/Users/Valentina1/.m2/repository/io/springfox/springfox-spi/2.7.0/springfox-spi-2.7.0.jar:/Users/Valentina1/.m2/repository/io/springfox/springfox-core/2.7.0/springfox-core-2.7.0.jar:/Users/Valentina1/.m2/repository/net/bytebuddy/byte-buddy/1.6.14/byte-buddy-1.6.14.jar:/Users/Valentina1/.m2/repository/io/springfox/springfox-schema/2.7.0/springfox-schema-2.7.0.jar:/Users/Valentina1/.m2/repository/io/springfox/springfox-swagger-common/2.7.0/springfox-swagger-common-2.7.0.jar:/Users/Valentina1/.m2/repository/io/springfox/springfox-spring-web/2.7.0/springfox-spring-web-2.7.0.jar:/Users/Valentina1/.m2/repository/org/reflections/reflections/0.9.11/reflections-0.9.11.jar:/Users/Valentina1/.m2/repository/org/javassist/javassist/3.21.0-GA/javassist-3.21.0-GA.jar:/Users/Valentina1/.m2/repository/com/google/guava/guava/18.0/guava-18.0.jar:/Users/Valentina1/.m2/repository/com/fasterxml/classmate/1.3.4/classmate-1.3.4.jar:/Users/Valentina1/.m2/repository/org/slf4j/slf4j-api/1.7.25/slf4j-api-1.7.25.jar:/Users/Valentina1/.m2/repository/org/springframework/plugin/spring-plugin-core/1.2.0.RELEASE/spring-plugin-core-1.2.0.RELEASE.jar:/Users/Valentina1/.m2/repository/org/springframework/plugin/spring-plugin-metadata/1.2.0.RELEASE/spring-plugin-metadata-1.2.0.RELEASE.jar:/Users/Valentina1/.m2/repository/org/mapstruct/mapstruct/1.1.0.Final/mapstruct-1.1.0.Final.jar:/Users/Valentina1/.m2/repository/io/springfox/springfox-swagger-ui/2.7.0/springfox-swagger-ui-2.7.0.jar:/Users/Valentina1/.m2/repository/com/github/joschi/jackson/jackson-datatype-threetenbp/2.6.4/jackson-datatype-threetenbp-2.6.4.jar:/Users/Valentina1/.m2/repository/org/threeten/threetenbp/1.3.1/threetenbp-1.3.1.jar:/Users/Valentina1/.m2/repository/com/fasterxml/jackson/core/jackson-core/2.8.10/jackson-core-2.8.10.jar:/Users/Valentina1/.m2/repository/javax/validation/validation-api/1.1.0.Final/validation-api-1.1.0.Final.jar:/Users/Valentina1/.m2/repository/org/springframework/boot/spring-boot-starter-test/1.5.9.RELEASE/spring-boot-starter-test-1.5.9.RELEASE.jar:/Users/Valentina1/.m2/repository/org/springframework/boot/spring-boot-test/1.5.9.RELEASE/spring-boot-test-1.5.9.RELEASE.jar:/Users/Valentina1/.m2/repository/org/springframework/boot/spring-boot-test-autoconfigure/1.5.9.RELEASE/spring-boot-test-autoconfigure-1.5.9.RELEASE.jar:/Users/Valentina1/.m2/repository/com/jayway/jsonpath/json-path/2.2.0/json-path-2.2.0.jar:/Users/Valentina1/.m2/repository/net/minidev/json-smart/2.2.1/json-smart-2.2.1.jar:/Users/Valentina1/.m2/repository/net/minidev/accessors-smart/1.1/accessors-smart-1.1.jar:/Users/Valentina1/.m2/repository/org/ow2/asm/asm/5.0.3/asm-5.0.3.jar:/Users/Valentina1/.m2/repository/junit/junit/4.12/junit-4.12.jar:/Users/Valentina1/.m2/repository/org/assertj/assertj-core/2.6.0/assertj-core-2.6.0.jar:/Users/Valentina1/.m2/repository/org/mockito/mockito-core/1.10.19/mockito-core-1.10.19.jar:/Users/Valentina1/.m2/repository/org/objenesis/objenesis/2.1/objenesis-2.1.jar:/Users/Valentina1/.m2/repository/org/hamcrest/hamcrest-core/1.3/hamcrest-core-1.3.jar:/Users/Valentina1/.m2/repository/org/hamcrest/hamcrest-library/1.3/hamcrest-library-1.3.jar:/Users/Valentina1/.m2/repository/org/skyscreamer/jsonassert/1.4.0/jsonassert-1.4.0.jar:/Users/Valentina1/.m2/repository/com/vaadin/external/google/android-json/0.0.20131108.vaadin1/android-json-0.0.20131108.vaadin1.jar:/Users/Valentina1/.m2/repository/org/springframework/spring-core/4.3.13.RELEASE/spring-core-4.3.13.RELEASE.jar:/Users/Valentina1/.m2/repository/org/springframework/spring-test/4.3.13.RELEASE/spring-test-4.3.13.RELEASE.jar:/Users/Valentina1/.m2/repository/javax/xml/bind/jaxb-api/2.3.1/jaxb-api-2.3.1.jar:/Users/Valentina1/.m2/repository/javax/activation/javax.activation-api/1.2.0/javax.activation-api-1.2.0.jar:/Users/Valentina1/.m2/repository/org/glassfish/jaxb/jaxb-runtime/2.3.1/jaxb-runtime-2.3.1.jar:/Users/Valentina1/.m2/repository/org/glassfish/jaxb/txw2/2.3.1/txw2-2.3.1.jar:/Users/Valentina1/.m2/repository/com/sun/istack/istack-commons-runtime/3.0.7/istack-commons-runtime-3.0.7.jar:/Users/Valentina1/.m2/repository/org/jvnet/staxex/stax-ex/1.8/stax-ex-1.8.jar:/Users/Valentina1/.m2/repository/com/sun/xml/fastinfoset/FastInfoset/1.2.15/FastInfoset-1.2.15.jar:/Users/Valentina1/.m2/repository/javax/activation/activation/1.1.1/activation-1.1.1.jar:, user.name=Valentina1, java.vm.specification.version=1.8, sun.java.command=/Users/Valentina1/Desktop/UNIVERSIDAD USB/SEXTO SEMESTRE/D. sistemas comput/swagger-project/ResolveEnigmaAp/target/surefire/surefirebooter6153658071887023666.jar /Users/Valentina1/Desktop/UNIVERSIDAD USB/SEXTO SEMESTRE/D. sistemas comput/swagger-project/ResolveEnigmaAp/target/surefire/surefire9065581394520465982tmp /Users/Valentina1/Desktop/UNIVERSIDAD USB/SEXTO SEMESTRE/D. sistemas comput/swagger-project/ResolveEnigmaAp/target/surefire/surefire_0352252205847698700tmp, java.home=/Users/Valentina1/.sdkman/candidates/java/8.0.402-zulu/zulu-8.jdk/Contents/Home/jre, sun.arch.data.model=64, user.language=es, java.specification.vendor=Oracle Corporation, awt.toolkit=sun.lwawt.macosx.LWCToolkit, java.vm.info=mixed mode, java.version=1.8.0_402, java.ext.dirs=/Users/Valentina1/Library/Java/Extensions:/Users/Valentina1/.sdkman/candidates/java/8.0.402-zulu/zulu-8.jdk/Contents/Home/jre/lib/ext:/Library/Java/Extensions:/Network/Library/Java/Extensions:/System/Library/Java/Extensions:/usr/lib/java, sun.boot.class.path=/Users/Valentina1/.sdkman/candidates/java/8.0.402-zulu/zulu-8.jdk/Contents/Home/jre/lib/resources.jar:/Users/Valentina1/.sdkman/candidates/java/8.0.402-zulu/zulu-8.jdk/Contents/Home/jre/lib/rt.jar:/Users/Valentina1/.sdkman/candidates/java/8.0.402-zulu/zulu-8.jdk/Contents/Home/jre/lib/sunrsasign.jar:/Users/Valentina1/.sdkman/candidates/java/8.0.402-zulu/zulu-8.jdk/Contents/Home/jre/lib/jsse.jar:/Users/Valentina1/.sdkman/candidates/java/8.0.402-zulu/zulu-8.jdk/Contents/Home/jre/lib/jce.jar:/Users/Valentina1/.sdkman/candidates/java/8.0.402-zulu/zulu-8.jdk/Contents/Home/jre/lib/charsets.jar:/Users/Valentina1/.sdkman/candidates/java/8.0.402-zulu/zulu-8.jdk/Contents/Home/jre/lib/jfr.jar:/Users/Valentina1/.sdkman/candidates/java/8.0.402-zulu/zulu-8.jdk/Contents/Home/jre/lib/cat.jar:/Users/Valentina1/.sdkman/candidates/java/8.0.402-zulu/zulu-8.jdk/Contents/Home/jre/classes, java.vendor=Azul Systems, Inc., java.specification.maintenance.version=5, localRepository=/Users/Valentina1/.m2/repository, file.separator=/, java.vendor.url.bug=http://www.azul.com/support/, sun.io.unicode.encoding=UnicodeBig, sun.cpu.endian=little, socksNonProxyHosts=local|*.local|169.254/16|*.169.254/16, ftp.nonProxyHosts=local|*.local|169.254/16|*.169.254/16, sun.cpu.isalist=}}, SystemEnvironmentPropertySource@683962652 {name='systemEnvironment', properties={PATH=/Users/Valentina1/.sdkman/candidates/java/current/bin:/usr/local/bin:/usr/local/bin:/Library/Frameworks/Python.framework/Versions/3.11.2/bin:/usr/local/bin:/usr/bin:/bin:/usr/sbin:/sbin:/Users/Valentina1/Desktop/apache-maven-3.9.6/bin:/Library/Frameworks/Python.framework/Versions/3.11.2/bin, JAVA_MAIN_CLASS_12377=org.apache.maven.surefire.booter.ForkedBooter, JAVA_HOME=/Users/Valentina1/.sdkman/candidates/java/current, TERM=xterm-256color, SDKMAN_DIR=/Users/Valentina1/.sdkman, LOGNAME=Valentina1, XPC_SERVICE_NAME=0, PWD=/Users/Valentina1/Desktop/UNIVERSIDAD USB/SEXTO SEMESTRE/D. sistemas comput/swagger-project/ResolveEnigmaAp, TERM_PROGRAM_VERSION=445, MAVEN_CMD_LINE_ARGS= clean install -U, _=/Users/Valentina1/.sdkman/candidates/java/8.0.402-zulu/zulu-8.jdk/Contents/Home/jre/bin/java, SDKMAN_CANDIDATES_DIR=/Users/Valentina1/.sdkman/candidates, __CFBundleIdentifier=com.apple.Terminal, SHELL=/bin/zsh, TERM_PROGRAM=Apple_Terminal, JAVA_MAIN_CLASS_12346=org.codehaus.plexus.classworlds.launcher.Launcher, SDKMAN_CANDIDATES_API=https://api.sdkman.io/2, MAVEN_PROJECTBASEDIR=/Users/Valentina1/Desktop/UNIVERSIDAD USB/SEXTO SEMESTRE/D. sistemas comput/swagger-project/ResolveEnigmaAp, OLDPWD=/Users/Valentina1/Desktop/UNIVERSIDAD USB/SEXTO SEMESTRE/D. sistemas comput/swagger-project/ResolveEnigmaAp, SDKMAN_PLATFORM=darwinarm64, USER=Valentina1, TMPDIR=/var/folders/96/b5_88bjn7wj7rgktg_czmpdr0000gq/T/, SSH_AUTH_SOCK=/private/tmp/com.apple.launchd.F8uleYmStx/Listeners, XPC_FLAGS=0x0, TERM_SESSION_ID=E527B1EA-C544-46DF-84CD-8EAA88507A65, __CF_USER_TEXT_ENCODING=0x1F7:0x0:0x56, LC_CTYPE=UTF-8, HOME=/Users/Valentina1, SHLVL=2}}]
13:02:41.736 [main] INFO org.springframework.boot.test.context.SpringBootTestContextBootstrapper - Found @SpringBootConfiguration co.com.agudelo.microservice.resolveEnigmaApi.ResolveEnigmaApplication for test class co.com.agudelo.microservice.resolveEnigmaApi.api.GetStepApiControllerIntegrationTest
13:02:41.739 [main] DEBUG org.springframework.boot.test.context.SpringBootTestContextBootstrapper - @TestExecutionListeners is not present for class [co.com.agudelo.microservice.resolveEnigmaApi.api.GetStepApiControllerIntegrationTest]: using defaults.
13:02:41.741 [main] INFO org.springframework.boot.test.context.SpringBootTestContextBootstrapper - Loaded default TestExecutionListener class names from location [META-INF/spring.factories]: [org.springframework.boot.test.mock.mockito.MockitoTestExecutionListener, org.springframework.boot.test.mock.mockito.ResetMocksTestExecutionListener, org.springframework.boot.test.autoconfigure.restdocs.RestDocsTestExecutionListener, org.springframework.boot.test.autoconfigure.web.client.MockRestServiceServerResetTestExecutionListener, org.springframework.boot.test.autoconfigure.web.servlet.MockMvcPrintOnlyOnFailureTestExecutionListener, org.springframework.boot.test.autoconfigure.web.servlet.WebDriverTestExecutionListener, org.springframework.test.context.web.ServletTestExecutionListener, org.springframework.test.context.support.DirtiesContextBeforeModesTestExecutionListener, org.springframework.test.context.support.DependencyInjectionTestExecutionListener, org.springframework.test.context.support.DirtiesContextTestExecutionListener, org.springframework.test.context.transaction.TransactionalTestExecutionListener, org.springframework.test.context.jdbc.SqlScriptsTestExecutionListener]
13:02:41.743 [main] INFO org.springframework.boot.test.context.SpringBootTestContextBootstrapper - Could not instantiate TestExecutionListener [org.springframework.test.context.transaction.TransactionalTestExecutionListener]. Specify custom listener classes or make the default listener classes (and their required dependencies) available. Offending class: [org/springframework/transaction/interceptor/TransactionAttributeSource]
13:02:41.743 [main] INFO org.springframework.boot.test.context.SpringBootTestContextBootstrapper - Could not instantiate TestExecutionListener [org.springframework.test.context.jdbc.SqlScriptsTestExecutionListener]. Specify custom listener classes or make the default listener classes (and their required dependencies) available. Offending class: [org/springframework/transaction/interceptor/TransactionAttribute]
13:02:41.744 [main] INFO org.springframework.boot.test.context.SpringBootTestContextBootstrapper - Using TestExecutionListeners: [org.springframework.test.context.web.ServletTestExecutionListener@4d49af10, org.springframework.test.context.support.DirtiesContextBeforeModesTestExecutionListener@279ad2e3, org.springframework.boot.test.autoconfigure.SpringBootDependencyInjectionTestExecutionListener@58134517, org.springframework.test.context.support.DirtiesContextTestExecutionListener@4450d156, org.springframework.boot.test.mock.mockito.MockitoTestExecutionListener@4461c7e3, org.springframework.boot.test.mock.mockito.ResetMocksTestExecutionListener@351d0846, org.springframework.boot.test.autoconfigure.restdocs.RestDocsTestExecutionListener@77e4c80f, org.springframework.boot.test.autoconfigure.web.servlet.WebDriverTestExecutionListener@35fc6dc4, org.springframework.boot.test.autoconfigure.web.client.MockRestServiceServerResetTestExecutionListener@7fe8ea47, org.springframework.boot.test.autoconfigure.web.servlet.MockMvcPrintOnlyOnFailureTestExecutionListener@226a82c4]
13:02:41.744 [main] DEBUG org.springframework.test.annotation.ProfileValueUtils - Retrieved @ProfileValueSourceConfiguration [null] for test class [co.com.agudelo.microservice.resolveEnigmaApi.api.GetStepApiControllerIntegrationTest]
13:02:41.744 [main] DEBUG org.springframework.test.annotation.ProfileValueUtils - Retrieved ProfileValueSource type [class org.springframework.test.annotation.SystemProfileValueSource] for class [co.com.agudelo.microservice.resolveEnigmaApi.api.GetStepApiControllerIntegrationTest]
13:02:41.744 [main] DEBUG org.springframework.test.annotation.ProfileValueUtils - Retrieved @ProfileValueSourceConfiguration [null] for test class [co.com.agudelo.microservice.resolveEnigmaApi.api.GetStepApiControllerIntegrationTest]
13:02:41.745 [main] DEBUG org.springframework.test.annotation.ProfileValueUtils - Retrieved ProfileValueSource type [class org.springframework.test.annotation.SystemProfileValueSource] for class [co.com.agudelo.microservice.resolveEnigmaApi.api.GetStepApiControllerIntegrationTest]
13:02:41.748 [main] DEBUG org.springframework.test.context.support.AbstractDirtiesContextTestExecutionListener - Before test class: context [DefaultTestContext@29ba4338 testClass = GetStepApiControllerIntegrationTest, testInstance = [null], testMethod = [null], testException = [null], mergedContextConfiguration = [WebMergedContextConfiguration@57175e74 testClass = GetStepApiControllerIntegrationTest, locations = '{}', classes = '{class co.com.agudelo.microservice.resolveEnigmaApi.ResolveEnigmaApplication}', contextInitializerClasses = '[]', activeProfiles = '{}', propertySourceLocations = '{}', propertySourceProperties = '{org.springframework.boot.test.context.SpringBootTestContextBootstrapper=true}', contextCustomizers = set[org.springframework.boot.test.context.SpringBootTestContextCustomizer@527740a2, org.springframework.boot.test.context.filter.ExcludeFilterContextCustomizer@370736d9, org.springframework.boot.test.json.DuplicateJsonObjectContextCustomizerFactory$DuplicateJsonObjectContextCustomizer@6b09bb57, org.springframework.boot.test.mock.mockito.MockitoContextCustomizer@0, org.springframework.boot.test.autoconfigure.properties.PropertyMappingContextCustomizer@0, org.springframework.boot.test.autoconfigure.web.servlet.WebDriverContextCustomizerFactory$Customizer@627551fb], resourceBasePath = 'src/main/webapp', contextLoader = 'org.springframework.boot.test.context.SpringBootContextLoader', parent = [null]]], class annotated with @DirtiesContext [false] with mode [null].
13:02:41.749 [main] DEBUG org.springframework.test.annotation.ProfileValueUtils - Retrieved @ProfileValueSourceConfiguration [null] for test class [co.com.agudelo.microservice.resolveEnigmaApi.api.GetStepApiControllerIntegrationTest]
13:02:41.749 [main] DEBUG org.springframework.test.annotation.ProfileValueUtils - Retrieved ProfileValueSource type [class org.springframework.test.annotation.SystemProfileValueSource] for class [co.com.agudelo.microservice.resolveEnigmaApi.api.GetStepApiControllerIntegrationTest]
13:02:41.799 [main] DEBUG org.springframework.core.env.StandardEnvironment - Adding PropertySource 'systemProperties' with lowest search precedence
13:02:41.799 [main] DEBUG org.springframework.core.env.StandardEnvironment - Adding PropertySource 'systemEnvironment' with lowest search precedence
13:02:41.800 [main] DEBUG org.springframework.core.env.StandardEnvironment - Initialized StandardEnvironment with PropertySources [MapPropertySource@2028017635 {name='systemProperties', properties={java.runtime.name=OpenJDK Runtime Environment, sun.boot.library.path=/Users/Valentina1/.sdkman/candidates/java/8.0.402-zulu/zulu-8.jdk/Contents/Home/jre/lib, java.vm.version=25.402-b06, gopherProxySet=false, jdk.vendor.version=Zulu 8.76.0.17-CA-macos-aarch64, java.vm.vendor=Azul Systems, Inc., java.vendor.url=http://www.azul.com/, path.separator=:, java.vm.name=OpenJDK 64-Bit Server VM, file.encoding.pkg=sun.io, user.country=MX, sun.java.launcher=SUN_STANDARD, sun.os.patch.level=unknown, java.vm.specification.name=Java Virtual Machine Specification, user.dir=/Users/Valentina1/Desktop/UNIVERSIDAD USB/SEXTO SEMESTRE/D. sistemas comput/swagger-project/ResolveEnigmaAp, java.runtime.version=1.8.0_402-b06, basedir=/Users/Valentina1/Desktop/UNIVERSIDAD USB/SEXTO SEMESTRE/D. sistemas comput/swagger-project/ResolveEnigmaAp, java.awt.graphicsenv=sun.awt.CGraphicsEnvironment, java.endorsed.dirs=/Users/Valentina1/.sdkman/candidates/java/8.0.402-zulu/zulu-8.jdk/Contents/Home/jre/lib/endorsed, os.arch=aarch64, surefire.real.class.path=/Users/Valentina1/Desktop/UNIVERSIDAD USB/SEXTO SEMESTRE/D. sistemas comput/swagger-project/ResolveEnigmaAp/target/surefire/surefirebooter6153658071887023666.jar, java.io.tmpdir=/var/folders/96/b5_88bjn7wj7rgktg_czmpdr0000gq/T/, line.separator=
, java.vm.specification.vendor=Oracle Corporation, os.name=Mac OS X, sun.jnu.encoding=UTF-8, java.library.path=/Users/Valentina1/Library/Java/Extensions:/Library/Java/Extensions:/Network/Library/Java/Extensions:/System/Library/Java/Extensions:/usr/lib/java:., surefire.test.class.path=/Users/Valentina1/Desktop/UNIVERSIDAD USB/SEXTO SEMESTRE/D. sistemas comput/swagger-project/ResolveEnigmaAp/target/test-classes:/Users/Valentina1/Desktop/UNIVERSIDAD USB/SEXTO SEMESTRE/D. sistemas comput/swagger-project/ResolveEnigmaAp/target/classes:/Users/Valentina1/.m2/repository/org/springframework/boot/spring-boot-starter-web/1.5.9.RELEASE/spring-boot-starter-web-1.5.9.RELEASE.jar:/Users/Valentina1/.m2/repository/org/springframework/boot/spring-boot-starter/1.5.9.RELEASE/spring-boot-starter-1.5.9.RELEASE.jar:/Users/Valentina1/.m2/repository/org/springframework/boot/spring-boot/1.5.9.RELEASE/spring-boot-1.5.9.RELEASE.jar:/Users/Valentina1/.m2/repository/org/springframework/boot/spring-boot-autoconfigure/1.5.9.RELEASE/spring-boot-autoconfigure-1.5.9.RELEASE.jar:/Users/Valentina1/.m2/repository/org/springframework/boot/spring-boot-starter-logging/1.5.9.RELEASE/spring-boot-starter-logging-1.5.9.RELEASE.jar:/Users/Valentina1/.m2/repository/ch/qos/logback/logback-classic/1.1.11/logback-classic-1.1.11.jar:/Users/Valentina1/.m2/repository/ch/qos/logback/logback-core/1.1.11/logback-core-1.1.11.jar:/Users/Valentina1/.m2/repository/org/slf4j/jcl-over-slf4j/1.7.25/jcl-over-slf4j-1.7.25.jar:/Users/Valentina1/.m2/repository/org/slf4j/jul-to-slf4j/1.7.25/jul-to-slf4j-1.7.25.jar:/Users/Valentina1/.m2/repository/org/slf4j/log4j-over-slf4j/1.7.25/log4j-over-slf4j-1.7.25.jar:/Users/Valentina1/.m2/repository/org/yaml/snakeyaml/1.17/snakeyaml-1.17.jar:/Users/Valentina1/.m2/repository/org/hibernate/hibernate-validator/5.3.6.Final/hibernate-validator-5.3.6.Final.jar:/Users/Valentina1/.m2/repository/org/jboss/logging/jboss-logging/3.3.1.Final/jboss-logging-3.3.1.Final.jar:/Users/Valentina1/.m2/repository/com/fasterxml/jackson/core/jackson-databind/2.8.10/jackson-databind-2.8.10.jar:/Users/Valentina1/.m2/repository/com/fasterxml/jackson/core/jackson-annotations/2.8.0/jackson-annotations-2.8.0.jar:/Users/Valentina1/.m2/repository/org/springframework/spring-web/4.3.13.RELEASE/spring-web-4.3.13.RELEASE.jar:/Users/Valentina1/.m2/repository/org/springframework/spring-aop/4.3.13.RELEASE/spring-aop-4.3.13.RELEASE.jar:/Users/Valentina1/.m2/repository/org/springframework/spring-beans/4.3.13.RELEASE/spring-beans-4.3.13.RELEASE.jar:/Users/Valentina1/.m2/repository/org/springframework/spring-context/4.3.13.RELEASE/spring-context-4.3.13.RELEASE.jar:/Users/Valentina1/.m2/repository/org/springframework/spring-webmvc/4.3.13.RELEASE/spring-webmvc-4.3.13.RELEASE.jar:/Users/Valentina1/.m2/repository/org/springframework/spring-expression/4.3.13.RELEASE/spring-expression-4.3.13.RELEASE.jar:/Users/Valentina1/.m2/repository/org/springframework/boot/spring-boot-starter-tomcat/1.5.9.RELEASE/spring-boot-starter-tomcat-1.5.9.RELEASE.jar:/Users/Valentina1/.m2/repository/org/apache/tomcat/embed/tomcat-embed-core/8.5.23/tomcat-embed-core-8.5.23.jar:/Users/Valentina1/.m2/repository/org/apache/tomcat/tomcat-annotations-api/8.5.23/tomcat-annotations-api-8.5.23.jar:/Users/Valentina1/.m2/repository/org/apache/tomcat/embed/tomcat-embed-el/8.5.23/tomcat-embed-el-8.5.23.jar:/Users/Valentina1/.m2/repository/org/apache/tomcat/embed/tomcat-embed-websocket/8.5.23/tomcat-embed-websocket-8.5.23.jar:/Users/Valentina1/.m2/repository/io/springfox/springfox-swagger2/2.7.0/springfox-swagger2-2.7.0.jar:/Users/Valentina1/.m2/repository/io/swagger/swagger-annotations/1.5.13/swagger-annotations-1.5.13.jar:/Users/Valentina1/.m2/repository/io/swagger/swagger-models/1.5.13/swagger-models-1.5.13.jar:/Users/Valentina1/.m2/repository/io/springfox/springfox-spi/2.7.0/springfox-spi-2.7.0.jar:/Users/Valentina1/.m2/repository/io/springfox/springfox-core/2.7.0/springfox-core-2.7.0.jar:/Users/Valentina1/.m2/repository/net/bytebuddy/byte-buddy/1.6.14/byte-buddy-1.6.14.jar:/Users/Valentina1/.m2/repository/io/springfox/springfox-schema/2.7.0/springfox-schema-2.7.0.jar:/Users/Valentina1/.m2/repository/io/springfox/springfox-swagger-common/2.7.0/springfox-swagger-common-2.7.0.jar:/Users/Valentina1/.m2/repository/io/springfox/springfox-spring-web/2.7.0/springfox-spring-web-2.7.0.jar:/Users/Valentina1/.m2/repository/org/reflections/reflections/0.9.11/reflections-0.9.11.jar:/Users/Valentina1/.m2/repository/org/javassist/javassist/3.21.0-GA/javassist-3.21.0-GA.jar:/Users/Valentina1/.m2/repository/com/google/guava/guava/18.0/guava-18.0.jar:/Users/Valentina1/.m2/repository/com/fasterxml/classmate/1.3.4/classmate-1.3.4.jar:/Users/Valentina1/.m2/repository/org/slf4j/slf4j-api/1.7.25/slf4j-api-1.7.25.jar:/Users/Valentina1/.m2/repository/org/springframework/plugin/spring-plugin-core/1.2.0.RELEASE/spring-plugin-core-1.2.0.RELEASE.jar:/Users/Valentina1/.m2/repository/org/springframework/plugin/spring-plugin-metadata/1.2.0.RELEASE/spring-plugin-metadata-1.2.0.RELEASE.jar:/Users/Valentina1/.m2/repository/org/mapstruct/mapstruct/1.1.0.Final/mapstruct-1.1.0.Final.jar:/Users/Valentina1/.m2/repository/io/springfox/springfox-swagger-ui/2.7.0/springfox-swagger-ui-2.7.0.jar:/Users/Valentina1/.m2/repository/com/github/joschi/jackson/jackson-datatype-threetenbp/2.6.4/jackson-datatype-threetenbp-2.6.4.jar:/Users/Valentina1/.m2/repository/org/threeten/threetenbp/1.3.1/threetenbp-1.3.1.jar:/Users/Valentina1/.m2/repository/com/fasterxml/jackson/core/jackson-core/2.8.10/jackson-core-2.8.10.jar:/Users/Valentina1/.m2/repository/javax/validation/validation-api/1.1.0.Final/validation-api-1.1.0.Final.jar:/Users/Valentina1/.m2/repository/org/springframework/boot/spring-boot-starter-test/1.5.9.RELEASE/spring-boot-starter-test-1.5.9.RELEASE.jar:/Users/Valentina1/.m2/repository/org/springframework/boot/spring-boot-test/1.5.9.RELEASE/spring-boot-test-1.5.9.RELEASE.jar:/Users/Valentina1/.m2/repository/org/springframework/boot/spring-boot-test-autoconfigure/1.5.9.RELEASE/spring-boot-test-autoconfigure-1.5.9.RELEASE.jar:/Users/Valentina1/.m2/repository/com/jayway/jsonpath/json-path/2.2.0/json-path-2.2.0.jar:/Users/Valentina1/.m2/repository/net/minidev/json-smart/2.2.1/json-smart-2.2.1.jar:/Users/Valentina1/.m2/repository/net/minidev/accessors-smart/1.1/accessors-smart-1.1.jar:/Users/Valentina1/.m2/repository/org/ow2/asm/asm/5.0.3/asm-5.0.3.jar:/Users/Valentina1/.m2/repository/junit/junit/4.12/junit-4.12.jar:/Users/Valentina1/.m2/repository/org/assertj/assertj-core/2.6.0/assertj-core-2.6.0.jar:/Users/Valentina1/.m2/repository/org/mockito/mockito-core/1.10.19/mockito-core-1.10.19.jar:/Users/Valentina1/.m2/repository/org/objenesis/objenesis/2.1/objenesis-2.1.jar:/Users/Valentina1/.m2/repository/org/hamcrest/hamcrest-core/1.3/hamcrest-core-1.3.jar:/Users/Valentina1/.m2/repository/org/hamcrest/hamcrest-library/1.3/hamcrest-library-1.3.jar:/Users/Valentina1/.m2/repository/org/skyscreamer/jsonassert/1.4.0/jsonassert-1.4.0.jar:/Users/Valentina1/.m2/repository/com/vaadin/external/google/android-json/0.0.20131108.vaadin1/android-json-0.0.20131108.vaadin1.jar:/Users/Valentina1/.m2/repository/org/springframework/spring-core/4.3.13.RELEASE/spring-core-4.3.13.RELEASE.jar:/Users/Valentina1/.m2/repository/org/springframework/spring-test/4.3.13.RELEASE/spring-test-4.3.13.RELEASE.jar:/Users/Valentina1/.m2/repository/javax/xml/bind/jaxb-api/2.3.1/jaxb-api-2.3.1.jar:/Users/Valentina1/.m2/repository/javax/activation/javax.activation-api/1.2.0/javax.activation-api-1.2.0.jar:/Users/Valentina1/.m2/repository/org/glassfish/jaxb/jaxb-runtime/2.3.1/jaxb-runtime-2.3.1.jar:/Users/Valentina1/.m2/repository/org/glassfish/jaxb/txw2/2.3.1/txw2-2.3.1.jar:/Users/Valentina1/.m2/repository/com/sun/istack/istack-commons-runtime/3.0.7/istack-commons-runtime-3.0.7.jar:/Users/Valentina1/.m2/repository/org/jvnet/staxex/stax-ex/1.8/stax-ex-1.8.jar:/Users/Valentina1/.m2/repository/com/sun/xml/fastinfoset/FastInfoset/1.2.15/FastInfoset-1.2.15.jar:/Users/Valentina1/.m2/repository/javax/activation/activation/1.1.1/activation-1.1.1.jar:, java.specification.name=Java Platform API Specification, java.class.version=52.0, sun.management.compiler=HotSpot 64-Bit Tiered Compilers, os.version=12.5, http.nonProxyHosts=local|*.local|169.254/16|*.169.254/16, user.home=/Users/Valentina1, user.timezone=America/Bogota, java.awt.printerjob=sun.lwawt.macosx.CPrinterJob, file.encoding=UTF-8, java.specification.version=1.8, java.class.path=/Users/Valentina1/Desktop/UNIVERSIDAD USB/SEXTO SEMESTRE/D. sistemas comput/swagger-project/ResolveEnigmaAp/target/test-classes:/Users/Valentina1/Desktop/UNIVERSIDAD USB/SEXTO SEMESTRE/D. sistemas comput/swagger-project/ResolveEnigmaAp/target/classes:/Users/Valentina1/.m2/repository/org/springframework/boot/spring-boot-starter-web/1.5.9.RELEASE/spring-boot-starter-web-1.5.9.RELEASE.jar:/Users/Valentina1/.m2/repository/org/springframework/boot/spring-boot-starter/1.5.9.RELEASE/spring-boot-starter-1.5.9.RELEASE.jar:/Users/Valentina1/.m2/repository/org/springframework/boot/spring-boot/1.5.9.RELEASE/spring-boot-1.5.9.RELEASE.jar:/Users/Valentina1/.m2/repository/org/springframework/boot/spring-boot-autoconfigure/1.5.9.RELEASE/spring-boot-autoconfigure-1.5.9.RELEASE.jar:/Users/Valentina1/.m2/repository/org/springframework/boot/spring-boot-starter-logging/1.5.9.RELEASE/spring-boot-starter-logging-1.5.9.RELEASE.jar:/Users/Valentina1/.m2/repository/ch/qos/logback/logback-classic/1.1.11/logback-classic-1.1.11.jar:/Users/Valentina1/.m2/repository/ch/qos/logback/logback-core/1.1.11/logback-core-1.1.11.jar:/Users/Valentina1/.m2/repository/org/slf4j/jcl-over-slf4j/1.7.25/jcl-over-slf4j-1.7.25.jar:/Users/Valentina1/.m2/repository/org/slf4j/jul-to-slf4j/1.7.25/jul-to-slf4j-1.7.25.jar:/Users/Valentina1/.m2/repository/org/slf4j/log4j-over-slf4j/1.7.25/log4j-over-slf4j-1.7.25.jar:/Users/Valentina1/.m2/repository/org/yaml/snakeyaml/1.17/snakeyaml-1.17.jar:/Users/Valentina1/.m2/repository/org/hibernate/hibernate-validator/5.3.6.Final/hibernate-validator-5.3.6.Final.jar:/Users/Valentina1/.m2/repository/org/jboss/logging/jboss-logging/3.3.1.Final/jboss-logging-3.3.1.Final.jar:/Users/Valentina1/.m2/repository/com/fasterxml/jackson/core/jackson-databind/2.8.10/jackson-databind-2.8.10.jar:/Users/Valentina1/.m2/repository/com/fasterxml/jackson/core/jackson-annotations/2.8.0/jackson-annotations-2.8.0.jar:/Users/Valentina1/.m2/repository/org/springframework/spring-web/4.3.13.RELEASE/spring-web-4.3.13.RELEASE.jar:/Users/Valentina1/.m2/repository/org/springframework/spring-aop/4.3.13.RELEASE/spring-aop-4.3.13.RELEASE.jar:/Users/Valentina1/.m2/repository/org/springframework/spring-beans/4.3.13.RELEASE/spring-beans-4.3.13.RELEASE.jar:/Users/Valentina1/.m2/repository/org/springframework/spring-context/4.3.13.RELEASE/spring-context-4.3.13.RELEASE.jar:/Users/Valentina1/.m2/repository/org/springframework/spring-webmvc/4.3.13.RELEASE/spring-webmvc-4.3.13.RELEASE.jar:/Users/Valentina1/.m2/repository/org/springframework/spring-expression/4.3.13.RELEASE/spring-expression-4.3.13.RELEASE.jar:/Users/Valentina1/.m2/repository/org/springframework/boot/spring-boot-starter-tomcat/1.5.9.RELEASE/spring-boot-starter-tomcat-1.5.9.RELEASE.jar:/Users/Valentina1/.m2/repository/org/apache/tomcat/embed/tomcat-embed-core/8.5.23/tomcat-embed-core-8.5.23.jar:/Users/Valentina1/.m2/repository/org/apache/tomcat/tomcat-annotations-api/8.5.23/tomcat-annotations-api-8.5.23.jar:/Users/Valentina1/.m2/repository/org/apache/tomcat/embed/tomcat-embed-el/8.5.23/tomcat-embed-el-8.5.23.jar:/Users/Valentina1/.m2/repository/org/apache/tomcat/embed/tomcat-embed-websocket/8.5.23/tomcat-embed-websocket-8.5.23.jar:/Users/Valentina1/.m2/repository/io/springfox/springfox-swagger2/2.7.0/springfox-swagger2-2.7.0.jar:/Users/Valentina1/.m2/repository/io/swagger/swagger-annotations/1.5.13/swagger-annotations-1.5.13.jar:/Users/Valentina1/.m2/repository/io/swagger/swagger-models/1.5.13/swagger-models-1.5.13.jar:/Users/Valentina1/.m2/repository/io/springfox/springfox-spi/2.7.0/springfox-spi-2.7.0.jar:/Users/Valentina1/.m2/repository/io/springfox/springfox-core/2.7.0/springfox-core-2.7.0.jar:/Users/Valentina1/.m2/repository/net/bytebuddy/byte-buddy/1.6.14/byte-buddy-1.6.14.jar:/Users/Valentina1/.m2/repository/io/springfox/springfox-schema/2.7.0/springfox-schema-2.7.0.jar:/Users/Valentina1/.m2/repository/io/springfox/springfox-swagger-common/2.7.0/springfox-swagger-common-2.7.0.jar:/Users/Valentina1/.m2/repository/io/springfox/springfox-spring-web/2.7.0/springfox-spring-web-2.7.0.jar:/Users/Valentina1/.m2/repository/org/reflections/reflections/0.9.11/reflections-0.9.11.jar:/Users/Valentina1/.m2/repository/org/javassist/javassist/3.21.0-GA/javassist-3.21.0-GA.jar:/Users/Valentina1/.m2/repository/com/google/guava/guava/18.0/guava-18.0.jar:/Users/Valentina1/.m2/repository/com/fasterxml/classmate/1.3.4/classmate-1.3.4.jar:/Users/Valentina1/.m2/repository/org/slf4j/slf4j-api/1.7.25/slf4j-api-1.7.25.jar:/Users/Valentina1/.m2/repository/org/springframework/plugin/spring-plugin-core/1.2.0.RELEASE/spring-plugin-core-1.2.0.RELEASE.jar:/Users/Valentina1/.m2/repository/org/springframework/plugin/spring-plugin-metadata/1.2.0.RELEASE/spring-plugin-metadata-1.2.0.RELEASE.jar:/Users/Valentina1/.m2/repository/org/mapstruct/mapstruct/1.1.0.Final/mapstruct-1.1.0.Final.jar:/Users/Valentina1/.m2/repository/io/springfox/springfox-swagger-ui/2.7.0/springfox-swagger-ui-2.7.0.jar:/Users/Valentina1/.m2/repository/com/github/joschi/jackson/jackson-datatype-threetenbp/2.6.4/jackson-datatype-threetenbp-2.6.4.jar:/Users/Valentina1/.m2/repository/org/threeten/threetenbp/1.3.1/threetenbp-1.3.1.jar:/Users/Valentina1/.m2/repository/com/fasterxml/jackson/core/jackson-core/2.8.10/jackson-core-2.8.10.jar:/Users/Valentina1/.m2/repository/javax/validation/validation-api/1.1.0.Final/validation-api-1.1.0.Final.jar:/Users/Valentina1/.m2/repository/org/springframework/boot/spring-boot-starter-test/1.5.9.RELEASE/spring-boot-starter-test-1.5.9.RELEASE.jar:/Users/Valentina1/.m2/repository/org/springframework/boot/spring-boot-test/1.5.9.RELEASE/spring-boot-test-1.5.9.RELEASE.jar:/Users/Valentina1/.m2/repository/org/springframework/boot/spring-boot-test-autoconfigure/1.5.9.RELEASE/spring-boot-test-autoconfigure-1.5.9.RELEASE.jar:/Users/Valentina1/.m2/repository/com/jayway/jsonpath/json-path/2.2.0/json-path-2.2.0.jar:/Users/Valentina1/.m2/repository/net/minidev/json-smart/2.2.1/json-smart-2.2.1.jar:/Users/Valentina1/.m2/repository/net/minidev/accessors-smart/1.1/accessors-smart-1.1.jar:/Users/Valentina1/.m2/repository/org/ow2/asm/asm/5.0.3/asm-5.0.3.jar:/Users/Valentina1/.m2/repository/junit/junit/4.12/junit-4.12.jar:/Users/Valentina1/.m2/repository/org/assertj/assertj-core/2.6.0/assertj-core-2.6.0.jar:/Users/Valentina1/.m2/repository/org/mockito/mockito-core/1.10.19/mockito-core-1.10.19.jar:/Users/Valentina1/.m2/repository/org/objenesis/objenesis/2.1/objenesis-2.1.jar:/Users/Valentina1/.m2/repository/org/hamcrest/hamcrest-core/1.3/hamcrest-core-1.3.jar:/Users/Valentina1/.m2/repository/org/hamcrest/hamcrest-library/1.3/hamcrest-library-1.3.jar:/Users/Valentina1/.m2/repository/org/skyscreamer/jsonassert/1.4.0/jsonassert-1.4.0.jar:/Users/Valentina1/.m2/repository/com/vaadin/external/google/android-json/0.0.20131108.vaadin1/android-json-0.0.20131108.vaadin1.jar:/Users/Valentina1/.m2/repository/org/springframework/spring-core/4.3.13.RELEASE/spring-core-4.3.13.RELEASE.jar:/Users/Valentina1/.m2/repository/org/springframework/spring-test/4.3.13.RELEASE/spring-test-4.3.13.RELEASE.jar:/Users/Valentina1/.m2/repository/javax/xml/bind/jaxb-api/2.3.1/jaxb-api-2.3.1.jar:/Users/Valentina1/.m2/repository/javax/activation/javax.activation-api/1.2.0/javax.activation-api-1.2.0.jar:/Users/Valentina1/.m2/repository/org/glassfish/jaxb/jaxb-runtime/2.3.1/jaxb-runtime-2.3.1.jar:/Users/Valentina1/.m2/repository/org/glassfish/jaxb/txw2/2.3.1/txw2-2.3.1.jar:/Users/Valentina1/.m2/repository/com/sun/istack/istack-commons-runtime/3.0.7/istack-commons-runtime-3.0.7.jar:/Users/Valentina1/.m2/repository/org/jvnet/staxex/stax-ex/1.8/stax-ex-1.8.jar:/Users/Valentina1/.m2/repository/com/sun/xml/fastinfoset/FastInfoset/1.2.15/FastInfoset-1.2.15.jar:/Users/Valentina1/.m2/repository/javax/activation/activation/1.1.1/activation-1.1.1.jar:, user.name=Valentina1, java.vm.specification.version=1.8, sun.java.command=/Users/Valentina1/Desktop/UNIVERSIDAD USB/SEXTO SEMESTRE/D. sistemas comput/swagger-project/ResolveEnigmaAp/target/surefire/surefirebooter6153658071887023666.jar /Users/Valentina1/Desktop/UNIVERSIDAD USB/SEXTO SEMESTRE/D. sistemas comput/swagger-project/ResolveEnigmaAp/target/surefire/surefire9065581394520465982tmp /Users/Valentina1/Desktop/UNIVERSIDAD USB/SEXTO SEMESTRE/D. sistemas comput/swagger-project/ResolveEnigmaAp/target/surefire/surefire_0352252205847698700tmp, java.home=/Users/Valentina1/.sdkman/candidates/java/8.0.402-zulu/zulu-8.jdk/Contents/Home/jre, sun.arch.data.model=64, user.language=es, java.specification.vendor=Oracle Corporation, awt.toolkit=sun.lwawt.macosx.LWCToolkit, java.vm.info=mixed mode, java.version=1.8.0_402, java.ext.dirs=/Users/Valentina1/Library/Java/Extensions:/Users/Valentina1/.sdkman/candidates/java/8.0.402-zulu/zulu-8.jdk/Contents/Home/jre/lib/ext:/Library/Java/Extensions:/Network/Library/Java/Extensions:/System/Library/Java/Extensions:/usr/lib/java, sun.boot.class.path=/Users/Valentina1/.sdkman/candidates/java/8.0.402-zulu/zulu-8.jdk/Contents/Home/jre/lib/resources.jar:/Users/Valentina1/.sdkman/candidates/java/8.0.402-zulu/zulu-8.jdk/Contents/Home/jre/lib/rt.jar:/Users/Valentina1/.sdkman/candidates/java/8.0.402-zulu/zulu-8.jdk/Contents/Home/jre/lib/sunrsasign.jar:/Users/Valentina1/.sdkman/candidates/java/8.0.402-zulu/zulu-8.jdk/Contents/Home/jre/lib/jsse.jar:/Users/Valentina1/.sdkman/candidates/java/8.0.402-zulu/zulu-8.jdk/Contents/Home/jre/lib/jce.jar:/Users/Valentina1/.sdkman/candidates/java/8.0.402-zulu/zulu-8.jdk/Contents/Home/jre/lib/charsets.jar:/Users/Valentina1/.sdkman/candidates/java/8.0.402-zulu/zulu-8.jdk/Contents/Home/jre/lib/jfr.jar:/Users/Valentina1/.sdkman/candidates/java/8.0.402-zulu/zulu-8.jdk/Contents/Home/jre/lib/cat.jar:/Users/Valentina1/.sdkman/candidates/java/8.0.402-zulu/zulu-8.jdk/Contents/Home/jre/classes, java.vendor=Azul Systems, Inc., java.specification.maintenance.version=5, localRepository=/Users/Valentina1/.m2/repository, file.separator=/, java.vendor.url.bug=http://www.azul.com/support/, sun.io.unicode.encoding=UnicodeBig, sun.cpu.endian=little, socksNonProxyHosts=local|*.local|169.254/16|*.169.254/16, ftp.nonProxyHosts=local|*.local|169.254/16|*.169.254/16, sun.cpu.isalist=}}, SystemEnvironmentPropertySource@782378927 {name='systemEnvironment', properties={PATH=/Users/Valentina1/.sdkman/candidates/java/current/bin:/usr/local/bin:/usr/local/bin:/Library/Frameworks/Python.framework/Versions/3.11.2/bin:/usr/local/bin:/usr/bin:/bin:/usr/sbin:/sbin:/Users/Valentina1/Desktop/apache-maven-3.9.6/bin:/Library/Frameworks/Python.framework/Versions/3.11.2/bin, JAVA_MAIN_CLASS_12377=org.apache.maven.surefire.booter.ForkedBooter, JAVA_HOME=/Users/Valentina1/.sdkman/candidates/java/current, TERM=xterm-256color, SDKMAN_DIR=/Users/Valentina1/.sdkman, LOGNAME=Valentina1, XPC_SERVICE_NAME=0, PWD=/Users/Valentina1/Desktop/UNIVERSIDAD USB/SEXTO SEMESTRE/D. sistemas comput/swagger-project/ResolveEnigmaAp, TERM_PROGRAM_VERSION=445, MAVEN_CMD_LINE_ARGS= clean install -U, _=/Users/Valentina1/.sdkman/candidates/java/8.0.402-zulu/zulu-8.jdk/Contents/Home/jre/bin/java, SDKMAN_CANDIDATES_DIR=/Users/Valentina1/.sdkman/candidates, __CFBundleIdentifier=com.apple.Terminal, SHELL=/bin/zsh, TERM_PROGRAM=Apple_Terminal, JAVA_MAIN_CLASS_12346=org.codehaus.plexus.classworlds.launcher.Launcher, SDKMAN_CANDIDATES_API=https://api.sdkman.io/2, MAVEN_PROJECTBASEDIR=/Users/Valentina1/Desktop/UNIVERSIDAD USB/SEXTO SEMESTRE/D. sistemas comput/swagger-project/ResolveEnigmaAp, OLDPWD=/Users/Valentina1/Desktop/UNIVERSIDAD USB/SEXTO SEMESTRE/D. sistemas comput/swagger-project/ResolveEnigmaAp, SDKMAN_PLATFORM=darwinarm64, USER=Valentina1, TMPDIR=/var/folders/96/b5_88bjn7wj7rgktg_czmpdr0000gq/T/, SSH_AUTH_SOCK=/private/tmp/com.apple.launchd.F8uleYmStx/Listeners, XPC_FLAGS=0x0, TERM_SESSION_ID=E527B1EA-C544-46DF-84CD-8EAA88507A65, __CF_USER_TEXT_ENCODING=0x1F7:0x0:0x56, LC_CTYPE=UTF-8, HOME=/Users/Valentina1, SHLVL=2}}]
13:02:41.801 [main] DEBUG org.springframework.core.env.MutablePropertySources - Adding PropertySource 'inline' with highest search precedence
13:02:41.806 [main] DEBUG org.springframework.test.context.support.TestPropertySourceUtils - Adding inlined properties to environment: {spring.jmx.enabled=false, org.springframework.boot.test.context.SpringBootTestContextBootstrapper=true, server.port=-1}
13:02:41.806 [main] DEBUG org.springframework.core.env.StandardEnvironment - Adding PropertySource 'Inlined Test Properties' with highest search precedence

  .   ____          _            __ _ _
 /\\ / ___'_ __ _ _(_)_ __  __ _ \ \ \ \
( ( )\___ | '_ | '_| | '_ \/ _` | \ \ \ \
 \\/  ___)| |_)| | | | | || (_| |  ) ) ) )
  '  |____| .__|_| |_|_| |_\__, | / / / /
 =========|_|==============|___/=/_/_/_/
 :: Spring Boot ::        (v1.5.9.RELEASE)

2024-03-09 13:02:42.220  INFO 12377 --- [           main] .r.a.GetStepApiControllerIntegrationTest : Starting GetStepApiControllerIntegrationTest on Valentinas-MacBook-Air.local with PID 12377 (started by Valentina1 in /Users/Valentina1/Desktop/UNIVERSIDAD USB/SEXTO SEMESTRE/D. sistemas comput/swagger-project/ResolveEnigmaAp)
2024-03-09 13:02:42.220  INFO 12377 --- [           main] .r.a.GetStepApiControllerIntegrationTest : No active profile set, falling back to default profiles: default
2024-03-09 13:02:42.246  INFO 12377 --- [           main] o.s.w.c.s.GenericWebApplicationContext   : Refreshing org.springframework.web.context.support.GenericWebApplicationContext@41a0aa7d: startup date [Sat Mar 09 13:02:42 COT 2024]; root of context hierarchy
2024-03-09 13:02:43.856  INFO 12377 --- [           main] s.w.s.m.m.a.RequestMappingHandlerMapping : Mapped "{[/getStep],methods=[POST],consumes=[application/json],produces=[application/json]}" onto public org.springframework.http.ResponseEntity<java.util.List<co.com.agudelo.microservice.resolveEnigmaApi.model.JsonApiBodyResponseSuccess>> co.com.agudelo.microservice.resolveEnigmaApi.api.GetStepApiController.getStep(co.com.agudelo.microservice.resolveEnigmaApi.model.JsonApiBodyRequest)
2024-03-09 13:02:43.859  INFO 12377 --- [           main] s.w.s.m.m.a.RequestMappingHandlerMapping : Mapped "{[/swagger-resources/configuration/security]}" onto public org.springframework.http.ResponseEntity<springfox.documentation.swagger.web.SecurityConfiguration> springfox.documentation.swagger.web.ApiResourceController.securityConfiguration()
2024-03-09 13:02:43.860  INFO 12377 --- [           main] s.w.s.m.m.a.RequestMappingHandlerMapping : Mapped "{[/swagger-resources/configuration/ui]}" onto public org.springframework.http.ResponseEntity<springfox.documentation.swagger.web.UiConfiguration> springfox.documentation.swagger.web.ApiResourceController.uiConfiguration()
2024-03-09 13:02:43.865  INFO 12377 --- [           main] s.w.s.m.m.a.RequestMappingHandlerMapping : Mapped "{[/swagger-resources]}" onto public org.springframework.http.ResponseEntity<java.util.List<springfox.documentation.swagger.web.SwaggerResource>> springfox.documentation.swagger.web.ApiResourceController.swaggerResources()
2024-03-09 13:02:43.868  INFO 12377 --- [           main] s.w.s.m.m.a.RequestMappingHandlerMapping : Mapped "{[/error]}" onto public org.springframework.http.ResponseEntity<java.util.Map<java.lang.String, java.lang.Object>> org.springframework.boot.autoconfigure.web.BasicErrorController.error(javax.servlet.http.HttpServletRequest)
2024-03-09 13:02:43.868  INFO 12377 --- [           main] s.w.s.m.m.a.RequestMappingHandlerMapping : Mapped "{[/error],produces=[text/html]}" onto public org.springframework.web.servlet.ModelAndView org.springframework.boot.autoconfigure.web.BasicErrorController.errorHtml(javax.servlet.http.HttpServletRequest,javax.servlet.http.HttpServletResponse)
2024-03-09 13:02:43.941  INFO 12377 --- [           main] pertySourcedRequestMappingHandlerMapping : Mapped URL path [/api-docs] onto method [public org.springframework.http.ResponseEntity<springfox.documentation.spring.web.json.Json> springfox.documentation.swagger2.web.Swagger2Controller.getDocumentation(java.lang.String,javax.servlet.http.HttpServletRequest)]
2024-03-09 13:02:44.121  INFO 12377 --- [           main] s.w.s.m.m.a.RequestMappingHandlerAdapter : Looking for @ControllerAdvice: org.springframework.web.context.support.GenericWebApplicationContext@41a0aa7d: startup date [Sat Mar 09 13:02:42 COT 2024]; root of context hierarchy
2024-03-09 13:02:44.171  INFO 12377 --- [           main] o.s.w.s.handler.SimpleUrlHandlerMapping  : Mapped URL path [/webjars/**] onto handler of type [class org.springframework.web.servlet.resource.ResourceHttpRequestHandler]
2024-03-09 13:02:44.171  INFO 12377 --- [           main] o.s.w.s.handler.SimpleUrlHandlerMapping  : Mapped URL path [/**] onto handler of type [class org.springframework.web.servlet.resource.ResourceHttpRequestHandler]
2024-03-09 13:02:44.208  INFO 12377 --- [           main] o.s.w.s.handler.SimpleUrlHandlerMapping  : Mapped URL path [/**/favicon.ico] onto handler of type [class org.springframework.web.servlet.resource.ResourceHttpRequestHandler]
2024-03-09 13:02:44.402  INFO 12377 --- [           main] o.s.c.support.DefaultLifecycleProcessor  : Starting beans in phase 2147483647
2024-03-09 13:02:44.402  INFO 12377 --- [           main] d.s.w.p.DocumentationPluginsBootstrapper : Context refreshed
2024-03-09 13:02:44.434  INFO 12377 --- [           main] d.s.w.p.DocumentationPluginsBootstrapper : Found 1 custom documentation plugin(s)
2024-03-09 13:02:44.530  INFO 12377 --- [           main] s.d.s.w.s.ApiListingReferenceScanner     : Scanning for api listing references
2024-03-09 13:02:44.681  INFO 12377 --- [           main] .r.a.GetStepApiControllerIntegrationTest : Started GetStepApiControllerIntegrationTest in 2.865 seconds (JVM running for 3.452)
]]></system-out>
  </testcase>
</testsuite>